find_library: checking for mysql_query() in -lmysqlclient... -------------------- no

"gcc -o conftest -I/Users/dimpleyuen/.rvm/rubies/ruby-2.2-head/include/ruby-2.2.0/x86_64-darwin14 -I/Users/dimpleyuen/.rvm/rubies/ruby-2.2-head/include/ruby-2.2.0/ruby/backward -I/Users/dimpleyuen/.rvm/rubies/ruby-2.2-head/include/ruby-2.2.0 -I. -I/usr/local/include  -I/usr/local/opt/libyaml/include -I/usr/local/opt/readline/include -I/usr/local/opt/libksba/include -I/usr/local/opt/openssl/include -D_XOPEN_SOURCE -D_DARWIN_C_SOURCE -D_DARWIN_UNLIMITED_SELECT -D_REENTRANT    -O3 -fno-fast-math -ggdb3 -Wall -Wextra -Wno-unused-parameter -Wno-parentheses -Wno-long-long -Wno-missing-field-initializers -Wunused-variable -Wpointer-arith -Wwrite-strings -Wdeclaration-after-statement -Wshorten-64-to-32 -Wimplicit-function-declaration -Wdivision-by-zero -Wdeprecated-declarations -Wextra-tokens  -fno-common -pipe conftest.c  -L/usr/local/lib -L/usr/local/opt/libyaml/lib -L/usr/local/opt/readline/lib -L/usr/local/opt/libksba/lib -L/usr/local/opt/openssl/lib -L. -L/Users/dimpleyuen/.rvm/rubies/ruby-2.2-head/lib -L. -fstack-protector -L/usr/local/lib -L/usr/local/opt/libyaml/lib -L/usr/local/opt/readline/lib -L/usr/local/opt/libksba/lib -L/usr/local/opt/openssl/lib      -lruby.2.2.0  -lpthread -ldl -lobjc "
checked program was:
/* begin */
1: #include "ruby.h"
2: 
3: int main(int argc, char **argv)
4: {
5:   return 0;
6: }
/* end */

"gcc -o conftest -I/Users/dimpleyuen/.rvm/rubies/ruby-2.2-head/include/ruby-2.2.0/x86_64-darwin14 -I/Users/dimpleyuen/.rvm/rubies/ruby-2.2-head/include/ruby-2.2.0/ruby/backward -I/Users/dimpleyuen/.rvm/rubies/ruby-2.2-head/include/ruby-2.2.0 -I. -I/usr/local/include  -I/usr/local/opt/libyaml/include -I/usr/local/opt/readline/include -I/usr/local/opt/libksba/include -I/usr/local/opt/openssl/include -D_XOPEN_SOURCE -D_DARWIN_C_SOURCE -D_DARWIN_UNLIMITED_SELECT -D_REENTRANT    -O3 -fno-fast-math -ggdb3 -Wall -Wextra -Wno-unused-parameter -Wno-parentheses -Wno-long-long -Wno-missing-field-initializers -Wunused-variable -Wpointer-arith -Wwrite-strings -Wdeclaration-after-statement -Wshorten-64-to-32 -Wimplicit-function-declaration -Wdivision-by-zero -Wdeprecated-declarations -Wextra-tokens  -fno-common -pipe conftest.c  -L/usr/local/lib -L/usr/local/opt/libyaml/lib -L/usr/local/opt/readline/lib -L/usr/local/opt/libksba/lib -L/usr/local/opt/openssl/lib -L. -L/Users/dimpleyuen/.rvm/rubies/ruby-2.2-head/lib -L. -fstack-protector -L/usr/local/lib -L/usr/local/opt/libyaml/lib -L/usr/local/opt/readline/lib -L/usr/local/opt/libksba/lib -L/usr/local/opt/openssl/lib      -lruby.2.2.0 -lmysqlclient  -lpthread -ldl -lobjc "
conftest.c:13:57: error: use of undeclared identifier 'mysql_query'
int t(void) { void ((*volatile p)()); p = (void ((*)()))mysql_query; return 0; }
                                                        ^
1 error generated.
checked program was:
/* begin */
 1: #include "ruby.h"
 2: 
 3: /*top*/
 4: extern int t(void);
 5: int main(int argc, char **argv)
 6: {
 7:   if (argc > 1000000) {
 8:     printf("%p", &t);
 9:   }
10: 
11:   return 0;
12: }
13: int t(void) { void ((*volatile p)()); p = (void ((*)()))mysql_query; return 0; }
/* end */

"gcc -o conftest -I/Users/dimpleyuen/.rvm/rubies/ruby-2.2-head/include/ruby-2.2.0/x86_64-darwin14 -I/Users/dimpleyuen/.rvm/rubies/ruby-2.2-head/include/ruby-2.2.0/ruby/backward -I/Users/dimpleyuen/.rvm/rubies/ruby-2.2-head/include/ruby-2.2.0 -I. -I/usr/local/include  -I/usr/local/opt/libyaml/include -I/usr/local/opt/readline/include -I/usr/local/opt/libksba/include -I/usr/local/opt/openssl/include -D_XOPEN_SOURCE -D_DARWIN_C_SOURCE -D_DARWIN_UNLIMITED_SELECT -D_REENTRANT    -O3 -fno-fast-math -ggdb3 -Wall -Wextra -Wno-unused-parameter -Wno-parentheses -Wno-long-long -Wno-missing-field-initializers -Wunused-variable -Wpointer-arith -Wwrite-strings -Wdeclaration-after-statement -Wshorten-64-to-32 -Wimplicit-function-declaration -Wdivision-by-zero -Wdeprecated-declarations -Wextra-tokens  -fno-common -pipe conftest.c  -L/usr/local/lib -L/usr/local/opt/libyaml/lib -L/usr/local/opt/readline/lib -L/usr/local/opt/libksba/lib -L/usr/local/opt/openssl/lib -L. -L/Users/dimpleyuen/.rvm/rubies/ruby-2.2-head/lib -L. -fstack-protector -L/usr/local/lib -L/usr/local/opt/libyaml/lib -L/usr/local/opt/readline/lib -L/usr/local/opt/libksba/lib -L/usr/local/opt/openssl/lib      -lruby.2.2.0 -lmysqlclient  -lpthread -ldl -lobjc "
conftest.c:13:15: warning: implicit declaration of function 'mysql_query' is invalid in C99 [-Wimplicit-function-declaration]
int t(void) { mysql_query(); return 0; }
              ^
1 warning generated.
ld: library not found for -lmysqlclient
clang: error: linker command failed with exit code 1 (use -v to see invocation)
checked program was:
/* begin */
 1: #include "ruby.h"
 2: 
 3: /*top*/
 4: extern int t(void);
 5: int main(int argc, char **argv)
 6: {
 7:   if (argc > 1000000) {
 8:     printf("%p", &t);
 9:   }
10: 
11:   return 0;
12: }
13: int t(void) { mysql_query(); return 0; }
/* end */

"gcc -o conftest -I/Users/dimpleyuen/.rvm/rubies/ruby-2.2-head/include/ruby-2.2.0/x86_64-darwin14 -I/Users/dimpleyuen/.rvm/rubies/ruby-2.2-head/include/ruby-2.2.0/ruby/backward -I/Users/dimpleyuen/.rvm/rubies/ruby-2.2-head/include/ruby-2.2.0 -I. -I/usr/local/include  -I/usr/local/opt/libyaml/include -I/usr/local/opt/readline/include -I/usr/local/opt/libksba/include -I/usr/local/opt/openssl/include -D_XOPEN_SOURCE -D_DARWIN_C_SOURCE -D_DARWIN_UNLIMITED_SELECT -D_REENTRANT    -O3 -fno-fast-math -ggdb3 -Wall -Wextra -Wno-unused-parameter -Wno-parentheses -Wno-long-long -Wno-missing-field-initializers -Wunused-variable -Wpointer-arith -Wwrite-strings -Wdeclaration-after-statement -Wshorten-64-to-32 -Wimplicit-function-declaration -Wdivision-by-zero -Wdeprecated-declarations -Wextra-tokens  -fno-common -pipe conftest.c  -L/usr/local/lib -L/usr/local/opt/libyaml/lib -L/usr/local/opt/readline/lib -L/usr/local/opt/libksba/lib -L/usr/local/opt/openssl/lib -L. -L/Users/dimpleyuen/.rvm/rubies/ruby-2.2-head/lib -L. -fstack-protector -L/usr/local/lib -L/usr/local/opt/libyaml/lib -L/usr/local/opt/readline/lib -L/usr/local/opt/libksba/lib -L/usr/local/opt/openssl/lib      -lruby.2.2.0 -lmysqlclient  -lpthread -ldl -lobjc "
conftest.c:13:57: error: use of undeclared identifier 'mysql_query'
int t(void) { void ((*volatile p)()); p = (void ((*)()))mysql_query; return 0; }
                                                        ^
1 error generated.
checked program was:
/* begin */
 1: #include "ruby.h"
 2: 
 3: /*top*/
 4: extern int t(void);
 5: int main(int argc, char **argv)
 6: {
 7:   if (argc > 1000000) {
 8:     printf("%p", &t);
 9:   }
10: 
11:   return 0;
12: }
13: int t(void) { void ((*volatile p)()); p = (void ((*)()))mysql_query; return 0; }
/* end */

"gcc -o conftest -I/Users/dimpleyuen/.rvm/rubies/ruby-2.2-head/include/ruby-2.2.0/x86_64-darwin14 -I/Users/dimpleyuen/.rvm/rubies/ruby-2.2-head/include/ruby-2.2.0/ruby/backward -I/Users/dimpleyuen/.rvm/rubies/ruby-2.2-head/include/ruby-2.2.0 -I. -I/usr/local/include  -I/usr/local/opt/libyaml/include -I/usr/local/opt/readline/include -I/usr/local/opt/libksba/include -I/usr/local/opt/openssl/include -D_XOPEN_SOURCE -D_DARWIN_C_SOURCE -D_DARWIN_UNLIMITED_SELECT -D_REENTRANT    -O3 -fno-fast-math -ggdb3 -Wall -Wextra -Wno-unused-parameter -Wno-parentheses -Wno-long-long -Wno-missing-field-initializers -Wunused-variable -Wpointer-arith -Wwrite-strings -Wdeclaration-after-statement -Wshorten-64-to-32 -Wimplicit-function-declaration -Wdivision-by-zero -Wdeprecated-declarations -Wextra-tokens  -fno-common -pipe conftest.c  -L/usr/local/lib -L/usr/local/opt/libyaml/lib -L/usr/local/opt/readline/lib -L/usr/local/opt/libksba/lib -L/usr/local/opt/openssl/lib -L. -L/Users/dimpleyuen/.rvm/rubies/ruby-2.2-head/lib -L. -fstack-protector -L/usr/local/lib -L/usr/local/opt/libyaml/lib -L/usr/local/opt/readline/lib -L/usr/local/opt/libksba/lib -L/usr/local/opt/openssl/lib      -lruby.2.2.0 -lmysqlclient  -lpthread -ldl -lobjc "
conftest.c:13:15: warning: implicit declaration of function 'mysql_query' is invalid in C99 [-Wimplicit-function-declaration]
int t(void) { mysql_query(); return 0; }
              ^
1 warning generated.
ld: library not found for -lmysqlclient
clang: error: linker command failed with exit code 1 (use -v to see invocation)
checked program was:
/* begin */
 1: #include "ruby.h"
 2: 
 3: /*top*/
 4: extern int t(void);
 5: int main(int argc, char **argv)
 6: {
 7:   if (argc > 1000000) {
 8:     printf("%p", &t);
 9:   }
10: 
11:   return 0;
12: }
13: int t(void) { mysql_query(); return 0; }
/* end */

"gcc -o conftest -I/Users/dimpleyuen/.rvm/rubies/ruby-2.2-head/include/ruby-2.2.0/x86_64-darwin14 -I/Users/dimpleyuen/.rvm/rubies/ruby-2.2-head/include/ruby-2.2.0/ruby/backward -I/Users/dimpleyuen/.rvm/rubies/ruby-2.2-head/include/ruby-2.2.0 -I. -I/usr/local/include  -I/usr/local/opt/libyaml/include -I/usr/local/opt/readline/include -I/usr/local/opt/libksba/include -I/usr/local/opt/openssl/include -D_XOPEN_SOURCE -D_DARWIN_C_SOURCE -D_DARWIN_UNLIMITED_SELECT -D_REENTRANT    -O3 -fno-fast-math -ggdb3 -Wall -Wextra -Wno-unused-parameter -Wno-parentheses -Wno-long-long -Wno-missing-field-initializers -Wunused-variable -Wpointer-arith -Wwrite-strings -Wdeclaration-after-statement -Wshorten-64-to-32 -Wimplicit-function-declaration -Wdivision-by-zero -Wdeprecated-declarations -Wextra-tokens  -fno-common -pipe conftest.c  -L/usr/local/lib -L/usr/local/opt/libyaml/lib -L/usr/local/opt/readline/lib -L/usr/local/opt/libksba/lib -L/usr/local/opt/openssl/lib -L/usr/local/lib/mysql -L. -L/Users/dimpleyuen/.rvm/rubies/ruby-2.2-head/lib -L. -fstack-protector -L/usr/local/lib -L/usr/local/opt/libyaml/lib -L/usr/local/opt/readline/lib -L/usr/local/opt/libksba/lib -L/usr/local/opt/openssl/lib      -lruby.2.2.0 -lmysqlclient  -lpthread -ldl -lobjc "
conftest.c:13:57: error: use of undeclared identifier 'mysql_query'
int t(void) { void ((*volatile p)()); p = (void ((*)()))mysql_query; return 0; }
                                                        ^
1 error generated.
checked program was:
/* begin */
 1: #include "ruby.h"
 2: 
 3: /*top*/
 4: extern int t(void);
 5: int main(int argc, char **argv)
 6: {
 7:   if (argc > 1000000) {
 8:     printf("%p", &t);
 9:   }
10: 
11:   return 0;
12: }
13: int t(void) { void ((*volatile p)()); p = (void ((*)()))mysql_query; return 0; }
/* end */

"gcc -o conftest -I/Users/dimpleyuen/.rvm/rubies/ruby-2.2-head/include/ruby-2.2.0/x86_64-darwin14 -I/Users/dimpleyuen/.rvm/rubies/ruby-2.2-head/include/ruby-2.2.0/ruby/backward -I/Users/dimpleyuen/.rvm/rubies/ruby-2.2-head/include/ruby-2.2.0 -I. -I/usr/local/include  -I/usr/local/opt/libyaml/include -I/usr/local/opt/readline/include -I/usr/local/opt/libksba/include -I/usr/local/opt/openssl/include -D_XOPEN_SOURCE -D_DARWIN_C_SOURCE -D_DARWIN_UNLIMITED_SELECT -D_REENTRANT    -O3 -fno-fast-math -ggdb3 -Wall -Wextra -Wno-unused-parameter -Wno-parentheses -Wno-long-long -Wno-missing-field-initializers -Wunused-variable -Wpointer-arith -Wwrite-strings -Wdeclaration-after-statement -Wshorten-64-to-32 -Wimplicit-function-declaration -Wdivision-by-zero -Wdeprecated-declarations -Wextra-tokens  -fno-common -pipe conftest.c  -L/usr/local/lib -L/usr/local/opt/libyaml/lib -L/usr/local/opt/readline/lib -L/usr/local/opt/libksba/lib -L/usr/local/opt/openssl/lib -L/usr/local/lib/mysql -L. -L/Users/dimpleyuen/.rvm/rubies/ruby-2.2-head/lib -L. -fstack-protector -L/usr/local/lib -L/usr/local/opt/libyaml/lib -L/usr/local/opt/readline/lib -L/usr/local/opt/libksba/lib -L/usr/local/opt/openssl/lib      -lruby.2.2.0 -lmysqlclient  -lpthread -ldl -lobjc "
conftest.c:13:15: warning: implicit declaration of function 'mysql_query' is invalid in C99 [-Wimplicit-function-declaration]
int t(void) { mysql_query(); return 0; }
              ^
1 warning generated.
ld: warning: directory not found for option '-L/usr/local/lib/mysql'
ld: library not found for -lmysqlclient
clang: error: linker command failed with exit code 1 (use -v to see invocation)
checked program was:
/* begin */
 1: #include "ruby.h"
 2: 
 3: /*top*/
 4: extern int t(void);
 5: int main(int argc, char **argv)
 6: {
 7:   if (argc > 1000000) {
 8:     printf("%p", &t);
 9:   }
10: 
11:   return 0;
12: }
13: int t(void) { mysql_query(); return 0; }
/* end */

--------------------

have_library: checking for main() in -lm... -------------------- yes

"gcc -o conftest -I/Users/dimpleyuen/.rvm/rubies/ruby-2.2-head/include/ruby-2.2.0/x86_64-darwin14 -I/Users/dimpleyuen/.rvm/rubies/ruby-2.2-head/include/ruby-2.2.0/ruby/backward -I/Users/dimpleyuen/.rvm/rubies/ruby-2.2-head/include/ruby-2.2.0 -I. -I/usr/local/include  -I/usr/local/opt/libyaml/include -I/usr/local/opt/readline/include -I/usr/local/opt/libksba/include -I/usr/local/opt/openssl/include -D_XOPEN_SOURCE -D_DARWIN_C_SOURCE -D_DARWIN_UNLIMITED_SELECT -D_REENTRANT    -O3 -fno-fast-math -ggdb3 -Wall -Wextra -Wno-unused-parameter -Wno-parentheses -Wno-long-long -Wno-missing-field-initializers -Wunused-variable -Wpointer-arith -Wwrite-strings -Wdeclaration-after-statement -Wshorten-64-to-32 -Wimplicit-function-declaration -Wdivision-by-zero -Wdeprecated-declarations -Wextra-tokens  -fno-common -pipe conftest.c  -L/usr/local/lib -L/usr/local/opt/libyaml/lib -L/usr/local/opt/readline/lib -L/usr/local/opt/libksba/lib -L/usr/local/opt/openssl/lib -L. -L/Users/dimpleyuen/.rvm/rubies/ruby-2.2-head/lib -L. -fstack-protector -L/usr/local/lib -L/usr/local/opt/libyaml/lib -L/usr/local/opt/readline/lib -L/usr/local/opt/libksba/lib -L/usr/local/opt/openssl/lib      -lruby.2.2.0 -lm  -lpthread -ldl -lobjc "
checked program was:
/* begin */
 1: #include "ruby.h"
 2: 
 3: /*top*/
 4: extern int t(void);
 5: int main(int argc, char **argv)
 6: {
 7:   if (argc > 1000000) {
 8:     printf("%p", &t);
 9:   }
10: 
11:   return 0;
12: }
13: int t(void) { void ((*volatile p)()); p = (void ((*)()))main; return 0; }
/* end */

--------------------

find_library: checking for mysql_query() in -lmysqlclient... -------------------- no

"gcc -o conftest -I/Users/dimpleyuen/.rvm/rubies/ruby-2.2-head/include/ruby-2.2.0/x86_64-darwin14 -I/Users/dimpleyuen/.rvm/rubies/ruby-2.2-head/include/ruby-2.2.0/ruby/backward -I/Users/dimpleyuen/.rvm/rubies/ruby-2.2-head/include/ruby-2.2.0 -I. -I/usr/local/include  -I/usr/local/opt/libyaml/include -I/usr/local/opt/readline/include -I/usr/local/opt/libksba/include -I/usr/local/opt/openssl/include -D_XOPEN_SOURCE -D_DARWIN_C_SOURCE -D_DARWIN_UNLIMITED_SELECT -D_REENTRANT    -O3 -fno-fast-math -ggdb3 -Wall -Wextra -Wno-unused-parameter -Wno-parentheses -Wno-long-long -Wno-missing-field-initializers -Wunused-variable -Wpointer-arith -Wwrite-strings -Wdeclaration-after-statement -Wshorten-64-to-32 -Wimplicit-function-declaration -Wdivision-by-zero -Wdeprecated-declarations -Wextra-tokens  -fno-common -pipe conftest.c  -L/usr/local/lib -L/usr/local/opt/libyaml/lib -L/usr/local/opt/readline/lib -L/usr/local/opt/libksba/lib -L/usr/local/opt/openssl/lib -L. -L/Users/dimpleyuen/.rvm/rubies/ruby-2.2-head/lib -L. -fstack-protector -L/usr/local/lib -L/usr/local/opt/libyaml/lib -L/usr/local/opt/readline/lib -L/usr/local/opt/libksba/lib -L/usr/local/opt/openssl/lib     -lm  -lruby.2.2.0 -lmysqlclient -lm  -lpthread -ldl -lobjc "
conftest.c:13:57: error: use of undeclared identifier 'mysql_query'
int t(void) { void ((*volatile p)()); p = (void ((*)()))mysql_query; return 0; }
                                                        ^
1 error generated.
checked program was:
/* begin */
 1: #include "ruby.h"
 2: 
 3: /*top*/
 4: extern int t(void);
 5: int main(int argc, char **argv)
 6: {
 7:   if (argc > 1000000) {
 8:     printf("%p", &t);
 9:   }
10: 
11:   return 0;
12: }
13: int t(void) { void ((*volatile p)()); p = (void ((*)()))mysql_query; return 0; }
/* end */

"gcc -o conftest -I/Users/dimpleyuen/.rvm/rubies/ruby-2.2-head/include/ruby-2.2.0/x86_64-darwin14 -I/Users/dimpleyuen/.rvm/rubies/ruby-2.2-head/include/ruby-2.2.0/ruby/backward -I/Users/dimpleyuen/.rvm/rubies/ruby-2.2-head/include/ruby-2.2.0 -I. -I/usr/local/include  -I/usr/local/opt/libyaml/include -I/usr/local/opt/readline/include -I/usr/local/opt/libksba/include -I/usr/local/opt/openssl/include -D_XOPEN_SOURCE -D_DARWIN_C_SOURCE -D_DARWIN_UNLIMITED_SELECT -D_REENTRANT    -O3 -fno-fast-math -ggdb3 -Wall -Wextra -Wno-unused-parameter -Wno-parentheses -Wno-long-long -Wno-missing-field-initializers -Wunused-variable -Wpointer-arith -Wwrite-strings -Wdeclaration-after-statement -Wshorten-64-to-32 -Wimplicit-function-declaration -Wdivision-by-zero -Wdeprecated-declarations -Wextra-tokens  -fno-common -pipe conftest.c  -L/usr/local/lib -L/usr/local/opt/libyaml/lib -L/usr/local/opt/readline/lib -L/usr/local/opt/libksba/lib -L/usr/local/opt/openssl/lib -L. -L/Users/dimpleyuen/.rvm/rubies/ruby-2.2-head/lib -L. -fstack-protector -L/usr/local/lib -L/usr/local/opt/libyaml/lib -L/usr/local/opt/readline/lib -L/usr/local/opt/libksba/lib -L/usr/local/opt/openssl/lib     -lm  -lruby.2.2.0 -lmysqlclient -lm  -lpthread -ldl -lobjc "
conftest.c:13:15: warning: implicit declaration of function 'mysql_query' is invalid in C99 [-Wimplicit-function-declaration]
int t(void) { mysql_query(); return 0; }
              ^
1 warning generated.
ld: library not found for -lmysqlclient
clang: error: linker command failed with exit code 1 (use -v to see invocation)
checked program was:
/* begin */
 1: #include "ruby.h"
 2: 
 3: /*top*/
 4: extern int t(void);
 5: int main(int argc, char **argv)
 6: {
 7:   if (argc > 1000000) {
 8:     printf("%p", &t);
 9:   }
10: 
11:   return 0;
12: }
13: int t(void) { mysql_query(); return 0; }
/* end */

"gcc -o conftest -I/Users/dimpleyuen/.rvm/rubies/ruby-2.2-head/include/ruby-2.2.0/x86_64-darwin14 -I/Users/dimpleyuen/.rvm/rubies/ruby-2.2-head/include/ruby-2.2.0/ruby/backward -I/Users/dimpleyuen/.rvm/rubies/ruby-2.2-head/include/ruby-2.2.0 -I. -I/usr/local/include  -I/usr/local/opt/libyaml/include -I/usr/local/opt/readline/include -I/usr/local/opt/libksba/include -I/usr/local/opt/openssl/include -D_XOPEN_SOURCE -D_DARWIN_C_SOURCE -D_DARWIN_UNLIMITED_SELECT -D_REENTRANT    -O3 -fno-fast-math -ggdb3 -Wall -Wextra -Wno-unused-parameter -Wno-parentheses -Wno-long-long -Wno-missing-field-initializers -Wunused-variable -Wpointer-arith -Wwrite-strings -Wdeclaration-after-statement -Wshorten-64-to-32 -Wimplicit-function-declaration -Wdivision-by-zero -Wdeprecated-declarations -Wextra-tokens  -fno-common -pipe conftest.c  -L/usr/local/lib -L/usr/local/opt/libyaml/lib -L/usr/local/opt/readline/lib -L/usr/local/opt/libksba/lib -L/usr/local/opt/openssl/lib -L. -L/Users/dimpleyuen/.rvm/rubies/ruby-2.2-head/lib -L. -fstack-protector -L/usr/local/lib -L/usr/local/opt/libyaml/lib -L/usr/local/opt/readline/lib -L/usr/local/opt/libksba/lib -L/usr/local/opt/openssl/lib     -lm  -lruby.2.2.0 -lmysqlclient -lm  -lpthread -ldl -lobjc "
conftest.c:13:57: error: use of undeclared identifier 'mysql_query'
int t(void) { void ((*volatile p)()); p = (void ((*)()))mysql_query; return 0; }
                                                        ^
1 error generated.
checked program was:
/* begin */
 1: #include "ruby.h"
 2: 
 3: /*top*/
 4: extern int t(void);
 5: int main(int argc, char **argv)
 6: {
 7:   if (argc > 1000000) {
 8:     printf("%p", &t);
 9:   }
10: 
11:   return 0;
12: }
13: int t(void) { void ((*volatile p)()); p = (void ((*)()))mysql_query; return 0; }
/* end */

"gcc -o conftest -I/Users/dimpleyuen/.rvm/rubies/ruby-2.2-head/include/ruby-2.2.0/x86_64-darwin14 -I/Users/dimpleyuen/.rvm/rubies/ruby-2.2-head/include/ruby-2.2.0/ruby/backward -I/Users/dimpleyuen/.rvm/rubies/ruby-2.2-head/include/ruby-2.2.0 -I. -I/usr/local/include  -I/usr/local/opt/libyaml/include -I/usr/local/opt/readline/include -I/usr/local/opt/libksba/include -I/usr/local/opt/openssl/include -D_XOPEN_SOURCE -D_DARWIN_C_SOURCE -D_DARWIN_UNLIMITED_SELECT -D_REENTRANT    -O3 -fno-fast-math -ggdb3 -Wall -Wextra -Wno-unused-parameter -Wno-parentheses -Wno-long-long -Wno-missing-field-initializers -Wunused-variable -Wpointer-arith -Wwrite-strings -Wdeclaration-after-statement -Wshorten-64-to-32 -Wimplicit-function-declaration -Wdivision-by-zero -Wdeprecated-declarations -Wextra-tokens  -fno-common -pipe conftest.c  -L/usr/local/lib -L/usr/local/opt/libyaml/lib -L/usr/local/opt/readline/lib -L/usr/local/opt/libksba/lib -L/usr/local/opt/openssl/lib -L. -L/Users/dimpleyuen/.rvm/rubies/ruby-2.2-head/lib -L. -fstack-protector -L/usr/local/lib -L/usr/local/opt/libyaml/lib -L/usr/local/opt/readline/lib -L/usr/local/opt/libksba/lib -L/usr/local/opt/openssl/lib     -lm  -lruby.2.2.0 -lmysqlclient -lm  -lpthread -ldl -lobjc "
conftest.c:13:15: warning: implicit declaration of function 'mysql_query' is invalid in C99 [-Wimplicit-function-declaration]
int t(void) { mysql_query(); return 0; }
              ^
1 warning generated.
ld: library not found for -lmysqlclient
clang: error: linker command failed with exit code 1 (use -v to see invocation)
checked program was:
/* begin */
 1: #include "ruby.h"
 2: 
 3: /*top*/
 4: extern int t(void);
 5: int main(int argc, char **argv)
 6: {
 7:   if (argc > 1000000) {
 8:     printf("%p", &t);
 9:   }
10: 
11:   return 0;
12: }
13: int t(void) { mysql_query(); return 0; }
/* end */

"gcc -o conftest -I/Users/dimpleyuen/.rvm/rubies/ruby-2.2-head/include/ruby-2.2.0/x86_64-darwin14 -I/Users/dimpleyuen/.rvm/rubies/ruby-2.2-head/include/ruby-2.2.0/ruby/backward -I/Users/dimpleyuen/.rvm/rubies/ruby-2.2-head/include/ruby-2.2.0 -I. -I/usr/local/include  -I/usr/local/opt/libyaml/include -I/usr/local/opt/readline/include -I/usr/local/opt/libksba/include -I/usr/local/opt/openssl/include -D_XOPEN_SOURCE -D_DARWIN_C_SOURCE -D_DARWIN_UNLIMITED_SELECT -D_REENTRANT    -O3 -fno-fast-math -ggdb3 -Wall -Wextra -Wno-unused-parameter -Wno-parentheses -Wno-long-long -Wno-missing-field-initializers -Wunused-variable -Wpointer-arith -Wwrite-strings -Wdeclaration-after-statement -Wshorten-64-to-32 -Wimplicit-function-declaration -Wdivision-by-zero -Wdeprecated-declarations -Wextra-tokens  -fno-common -pipe conftest.c  -L/usr/local/lib -L/usr/local/opt/libyaml/lib -L/usr/local/opt/readline/lib -L/usr/local/opt/libksba/lib -L/usr/local/opt/openssl/lib -L/usr/local/lib/mysql -L. -L/Users/dimpleyuen/.rvm/rubies/ruby-2.2-head/lib -L. -fstack-protector -L/usr/local/lib -L/usr/local/opt/libyaml/lib -L/usr/local/opt/readline/lib -L/usr/local/opt/libksba/lib -L/usr/local/opt/openssl/lib     -lm  -lruby.2.2.0 -lmysqlclient -lm  -lpthread -ldl -lobjc "
conftest.c:13:57: error: use of undeclared identifier 'mysql_query'
int t(void) { void ((*volatile p)()); p = (void ((*)()))mysql_query; return 0; }
                                                        ^
1 error generated.
checked program was:
/* begin */
 1: #include "ruby.h"
 2: 
 3: /*top*/
 4: extern int t(void);
 5: int main(int argc, char **argv)
 6: {
 7:   if (argc > 1000000) {
 8:     printf("%p", &t);
 9:   }
10: 
11:   return 0;
12: }
13: int t(void) { void ((*volatile p)()); p = (void ((*)()))mysql_query; return 0; }
/* end */

"gcc -o conftest -I/Users/dimpleyuen/.rvm/rubies/ruby-2.2-head/include/ruby-2.2.0/x86_64-darwin14 -I/Users/dimpleyuen/.rvm/rubies/ruby-2.2-head/include/ruby-2.2.0/ruby/backward -I/Users/dimpleyuen/.rvm/rubies/ruby-2.2-head/include/ruby-2.2.0 -I. -I/usr/local/include  -I/usr/local/opt/libyaml/include -I/usr/local/opt/readline/include -I/usr/local/opt/libksba/include -I/usr/local/opt/openssl/include -D_XOPEN_SOURCE -D_DARWIN_C_SOURCE -D_DARWIN_UNLIMITED_SELECT -D_REENTRANT    -O3 -fno-fast-math -ggdb3 -Wall -Wextra -Wno-unused-parameter -Wno-parentheses -Wno-long-long -Wno-missing-field-initializers -Wunused-variable -Wpointer-arith -Wwrite-strings -Wdeclaration-after-statement -Wshorten-64-to-32 -Wimplicit-function-declaration -Wdivision-by-zero -Wdeprecated-declarations -Wextra-tokens  -fno-common -pipe conftest.c  -L/usr/local/lib -L/usr/local/opt/libyaml/lib -L/usr/local/opt/readline/lib -L/usr/local/opt/libksba/lib -L/usr/local/opt/openssl/lib -L/usr/local/lib/mysql -L. -L/Users/dimpleyuen/.rvm/rubies/ruby-2.2-head/lib -L. -fstack-protector -L/usr/local/lib -L/usr/local/opt/libyaml/lib -L/usr/local/opt/readline/lib -L/usr/local/opt/libksba/lib -L/usr/local/opt/openssl/lib     -lm  -lruby.2.2.0 -lmysqlclient -lm  -lpthread -ldl -lobjc "
conftest.c:13:15: warning: implicit declaration of function 'mysql_query' is invalid in C99 [-Wimplicit-function-declaration]
int t(void) { mysql_query(); return 0; }
              ^
1 warning generated.
ld: warning: directory not found for option '-L/usr/local/lib/mysql'
ld: library not found for -lmysqlclient
clang: error: linker command failed with exit code 1 (use -v to see invocation)
checked program was:
/* begin */
 1: #include "ruby.h"
 2: 
 3: /*top*/
 4: extern int t(void);
 5: int main(int argc, char **argv)
 6: {
 7:   if (argc > 1000000) {
 8:     printf("%p", &t);
 9:   }
10: 
11:   return 0;
12: }
13: int t(void) { mysql_query(); return 0; }
/* end */

--------------------

have_library: checking for main() in -lz... -------------------- yes

"gcc -o conftest -I/Users/dimpleyuen/.rvm/rubies/ruby-2.2-head/include/ruby-2.2.0/x86_64-darwin14 -I/Users/dimpleyuen/.rvm/rubies/ruby-2.2-head/include/ruby-2.2.0/ruby/backward -I/Users/dimpleyuen/.rvm/rubies/ruby-2.2-head/include/ruby-2.2.0 -I. -I/usr/local/include  -I/usr/local/opt/libyaml/include -I/usr/local/opt/readline/include -I/usr/local/opt/libksba/include -I/usr/local/opt/openssl/include -D_XOPEN_SOURCE -D_DARWIN_C_SOURCE -D_DARWIN_UNLIMITED_SELECT -D_REENTRANT    -O3 -fno-fast-math -ggdb3 -Wall -Wextra -Wno-unused-parameter -Wno-parentheses -Wno-long-long -Wno-missing-field-initializers -Wunused-variable -Wpointer-arith -Wwrite-strings -Wdeclaration-after-statement -Wshorten-64-to-32 -Wimplicit-function-declaration -Wdivision-by-zero -Wdeprecated-declarations -Wextra-tokens  -fno-common -pipe conftest.c  -L/usr/local/lib -L/usr/local/opt/libyaml/lib -L/usr/local/opt/readline/lib -L/usr/local/opt/libksba/lib -L/usr/local/opt/openssl/lib -L. -L/Users/dimpleyuen/.rvm/rubies/ruby-2.2-head/lib -L. -fstack-protector -L/usr/local/lib -L/usr/local/opt/libyaml/lib -L/usr/local/opt/readline/lib -L/usr/local/opt/libksba/lib -L/usr/local/opt/openssl/lib     -lm  -lruby.2.2.0 -lz -lm  -lpthread -ldl -lobjc "
checked program was:
/* begin */
 1: #include "ruby.h"
 2: 
 3: /*top*/
 4: extern int t(void);
 5: int main(int argc, char **argv)
 6: {
 7:   if (argc > 1000000) {
 8:     printf("%p", &t);
 9:   }
10: 
11:   return 0;
12: }
13: int t(void) { void ((*volatile p)()); p = (void ((*)()))main; return 0; }
/* end */

--------------------

find_library: checking for mysql_query() in -lmysqlclient... -------------------- no

"gcc -o conftest -I/Users/dimpleyuen/.rvm/rubies/ruby-2.2-head/include/ruby-2.2.0/x86_64-darwin14 -I/Users/dimpleyuen/.rvm/rubies/ruby-2.2-head/include/ruby-2.2.0/ruby/backward -I/Users/dimpleyuen/.rvm/rubies/ruby-2.2-head/include/ruby-2.2.0 -I. -I/usr/local/include  -I/usr/local/opt/libyaml/include -I/usr/local/opt/readline/include -I/usr/local/opt/libksba/include -I/usr/local/opt/openssl/include -D_XOPEN_SOURCE -D_DARWIN_C_SOURCE -D_DARWIN_UNLIMITED_SELECT -D_REENTRANT    -O3 -fno-fast-math -ggdb3 -Wall -Wextra -Wno-unused-parameter -Wno-parentheses -Wno-long-long -Wno-missing-field-initializers -Wunused-variable -Wpointer-arith -Wwrite-strings -Wdeclaration-after-statement -Wshorten-64-to-32 -Wimplicit-function-declaration -Wdivision-by-zero -Wdeprecated-declarations -Wextra-tokens  -fno-common -pipe conftest.c  -L/usr/local/lib -L/usr/local/opt/libyaml/lib -L/usr/local/opt/readline/lib -L/usr/local/opt/libksba/lib -L/usr/local/opt/openssl/lib -L. -L/Users/dimpleyuen/.rvm/rubies/ruby-2.2-head/lib -L. -fstack-protector -L/usr/local/lib -L/usr/local/opt/libyaml/lib -L/usr/local/opt/readline/lib -L/usr/local/opt/libksba/lib -L/usr/local/opt/openssl/lib     -lz -lm  -lruby.2.2.0 -lmysqlclient -lz -lm  -lpthread -ldl -lobjc "
conftest.c:13:57: error: use of undeclared identifier 'mysql_query'
int t(void) { void ((*volatile p)()); p = (void ((*)()))mysql_query; return 0; }
                                                        ^
1 error generated.
checked program was:
/* begin */
 1: #include "ruby.h"
 2: 
 3: /*top*/
 4: extern int t(void);
 5: int main(int argc, char **argv)
 6: {
 7:   if (argc > 1000000) {
 8:     printf("%p", &t);
 9:   }
10: 
11:   return 0;
12: }
13: int t(void) { void ((*volatile p)()); p = (void ((*)()))mysql_query; return 0; }
/* end */

"gcc -o conftest -I/Users/dimpleyuen/.rvm/rubies/ruby-2.2-head/include/ruby-2.2.0/x86_64-darwin14 -I/Users/dimpleyuen/.rvm/rubies/ruby-2.2-head/include/ruby-2.2.0/ruby/backward -I/Users/dimpleyuen/.rvm/rubies/ruby-2.2-head/include/ruby-2.2.0 -I. -I/usr/local/include  -I/usr/local/opt/libyaml/include -I/usr/local/opt/readline/include -I/usr/local/opt/libksba/include -I/usr/local/opt/openssl/include -D_XOPEN_SOURCE -D_DARWIN_C_SOURCE -D_DARWIN_UNLIMITED_SELECT -D_REENTRANT    -O3 -fno-fast-math -ggdb3 -Wall -Wextra -Wno-unused-parameter -Wno-parentheses -Wno-long-long -Wno-missing-field-initializers -Wunused-variable -Wpointer-arith -Wwrite-strings -Wdeclaration-after-statement -Wshorten-64-to-32 -Wimplicit-function-declaration -Wdivision-by-zero -Wdeprecated-declarations -Wextra-tokens  -fno-common -pipe conftest.c  -L/usr/local/lib -L/usr/local/opt/libyaml/lib -L/usr/local/opt/readline/lib -L/usr/local/opt/libksba/lib -L/usr/local/opt/openssl/lib -L. -L/Users/dimpleyuen/.rvm/rubies/ruby-2.2-head/lib -L. -fstack-protector -L/usr/local/lib -L/usr/local/opt/libyaml/lib -L/usr/local/opt/readline/lib -L/usr/local/opt/libksba/lib -L/usr/local/opt/openssl/lib     -lz -lm  -lruby.2.2.0 -lmysqlclient -lz -lm  -lpthread -ldl -lobjc "
conftest.c:13:15: warning: implicit declaration of function 'mysql_query' is invalid in C99 [-Wimplicit-function-declaration]
int t(void) { mysql_query(); return 0; }
              ^
1 warning generated.
ld: library not found for -lmysqlclient
clang: error: linker command failed with exit code 1 (use -v to see invocation)
checked program was:
/* begin */
 1: #include "ruby.h"
 2: 
 3: /*top*/
 4: extern int t(void);
 5: int main(int argc, char **argv)
 6: {
 7:   if (argc > 1000000) {
 8:     printf("%p", &t);
 9:   }
10: 
11:   return 0;
12: }
13: int t(void) { mysql_query(); return 0; }
/* end */

"gcc -o conftest -I/Users/dimpleyuen/.rvm/rubies/ruby-2.2-head/include/ruby-2.2.0/x86_64-darwin14 -I/Users/dimpleyuen/.rvm/rubies/ruby-2.2-head/include/ruby-2.2.0/ruby/backward -I/Users/dimpleyuen/.rvm/rubies/ruby-2.2-head/include/ruby-2.2.0 -I. -I/usr/local/include  -I/usr/local/opt/libyaml/include -I/usr/local/opt/readline/include -I/usr/local/opt/libksba/include -I/usr/local/opt/openssl/include -D_XOPEN_SOURCE -D_DARWIN_C_SOURCE -D_DARWIN_UNLIMITED_SELECT -D_REENTRANT    -O3 -fno-fast-math -ggdb3 -Wall -Wextra -Wno-unused-parameter -Wno-parentheses -Wno-long-long -Wno-missing-field-initializers -Wunused-variable -Wpointer-arith -Wwrite-strings -Wdeclaration-after-statement -Wshorten-64-to-32 -Wimplicit-function-declaration -Wdivision-by-zero -Wdeprecated-declarations -Wextra-tokens  -fno-common -pipe conftest.c  -L/usr/local/lib -L/usr/local/opt/libyaml/lib -L/usr/local/opt/readline/lib -L/usr/local/opt/libksba/lib -L/usr/local/opt/openssl/lib -L. -L/Users/dimpleyuen/.rvm/rubies/ruby-2.2-head/lib -L. -fstack-protector -L/usr/local/lib -L/usr/local/opt/libyaml/lib -L/usr/local/opt/readline/lib -L/usr/local/opt/libksba/lib -L/usr/local/opt/openssl/lib     -lz -lm  -lruby.2.2.0 -lmysqlclient -lz -lm  -lpthread -ldl -lobjc "
conftest.c:13:57: error: use of undeclared identifier 'mysql_query'
int t(void) { void ((*volatile p)()); p = (void ((*)()))mysql_query; return 0; }
                                                        ^
1 error generated.
checked program was:
/* begin */
 1: #include "ruby.h"
 2: 
 3: /*top*/
 4: extern int t(void);
 5: int main(int argc, char **argv)
 6: {
 7:   if (argc > 1000000) {
 8:     printf("%p", &t);
 9:   }
10: 
11:   return 0;
12: }
13: int t(void) { void ((*volatile p)()); p = (void ((*)()))mysql_query; return 0; }
/* end */

"gcc -o conftest -I/Users/dimpleyuen/.rvm/rubies/ruby-2.2-head/include/ruby-2.2.0/x86_64-darwin14 -I/Users/dimpleyuen/.rvm/rubies/ruby-2.2-head/include/ruby-2.2.0/ruby/backward -I/Users/dimpleyuen/.rvm/rubies/ruby-2.2-head/include/ruby-2.2.0 -I. -I/usr/local/include  -I/usr/local/opt/libyaml/include -I/usr/local/opt/readline/include -I/usr/local/opt/libksba/include -I/usr/local/opt/openssl/include -D_XOPEN_SOURCE -D_DARWIN_C_SOURCE -D_DARWIN_UNLIMITED_SELECT -D_REENTRANT    -O3 -fno-fast-math -ggdb3 -Wall -Wextra -Wno-unused-parameter -Wno-parentheses -Wno-long-long -Wno-missing-field-initializers -Wunused-variable -Wpointer-arith -Wwrite-strings -Wdeclaration-after-statement -Wshorten-64-to-32 -Wimplicit-function-declaration -Wdivision-by-zero -Wdeprecated-declarations -Wextra-tokens  -fno-common -pipe conftest.c  -L/usr/local/lib -L/usr/local/opt/libyaml/lib -L/usr/local/opt/readline/lib -L/usr/local/opt/libksba/lib -L/usr/local/opt/openssl/lib -L. -L/Users/dimpleyuen/.rvm/rubies/ruby-2.2-head/lib -L. -fstack-protector -L/usr/local/lib -L/usr/local/opt/libyaml/lib -L/usr/local/opt/readline/lib -L/usr/local/opt/libksba/lib -L/usr/local/opt/openssl/lib     -lz -lm  -lruby.2.2.0 -lmysqlclient -lz -lm  -lpthread -ldl -lobjc "
conftest.c:13:15: warning: implicit declaration of function 'mysql_query' is invalid in C99 [-Wimplicit-function-declaration]
int t(void) { mysql_query(); return 0; }
              ^
1 warning generated.
ld: library not found for -lmysqlclient
clang: error: linker command failed with exit code 1 (use -v to see invocation)
checked program was:
/* begin */
 1: #include "ruby.h"
 2: 
 3: /*top*/
 4: extern int t(void);
 5: int main(int argc, char **argv)
 6: {
 7:   if (argc > 1000000) {
 8:     printf("%p", &t);
 9:   }
10: 
11:   return 0;
12: }
13: int t(void) { mysql_query(); return 0; }
/* end */

"gcc -o conftest -I/Users/dimpleyuen/.rvm/rubies/ruby-2.2-head/include/ruby-2.2.0/x86_64-darwin14 -I/Users/dimpleyuen/.rvm/rubies/ruby-2.2-head/include/ruby-2.2.0/ruby/backward -I/Users/dimpleyuen/.rvm/rubies/ruby-2.2-head/include/ruby-2.2.0 -I. -I/usr/local/include  -I/usr/local/opt/libyaml/include -I/usr/local/opt/readline/include -I/usr/local/opt/libksba/include -I/usr/local/opt/openssl/include -D_XOPEN_SOURCE -D_DARWIN_C_SOURCE -D_DARWIN_UNLIMITED_SELECT -D_REENTRANT    -O3 -fno-fast-math -ggdb3 -Wall -Wextra -Wno-unused-parameter -Wno-parentheses -Wno-long-long -Wno-missing-field-initializers -Wunused-variable -Wpointer-arith -Wwrite-strings -Wdeclaration-after-statement -Wshorten-64-to-32 -Wimplicit-function-declaration -Wdivision-by-zero -Wdeprecated-declarations -Wextra-tokens  -fno-common -pipe conftest.c  -L/usr/local/lib -L/usr/local/opt/libyaml/lib -L/usr/local/opt/readline/lib -L/usr/local/opt/libksba/lib -L/usr/local/opt/openssl/lib -L/usr/local/lib/mysql -L. -L/Users/dimpleyuen/.rvm/rubies/ruby-2.2-head/lib -L. -fstack-protector -L/usr/local/lib -L/usr/local/opt/libyaml/lib -L/usr/local/opt/readline/lib -L/usr/local/opt/libksba/lib -L/usr/local/opt/openssl/lib     -lz -lm  -lruby.2.2.0 -lmysqlclient -lz -lm  -lpthread -ldl -lobjc "
conftest.c:13:57: error: use of undeclared identifier 'mysql_query'
int t(void) { void ((*volatile p)()); p = (void ((*)()))mysql_query; return 0; }
                                                        ^
1 error generated.
checked program was:
/* begin */
 1: #include "ruby.h"
 2: 
 3: /*top*/
 4: extern int t(void);
 5: int main(int argc, char **argv)
 6: {
 7:   if (argc > 1000000) {
 8:     printf("%p", &t);
 9:   }
10: 
11:   return 0;
12: }
13: int t(void) { void ((*volatile p)()); p = (void ((*)()))mysql_query; return 0; }
/* end */

"gcc -o conftest -I/Users/dimpleyuen/.rvm/rubies/ruby-2.2-head/include/ruby-2.2.0/x86_64-darwin14 -I/Users/dimpleyuen/.rvm/rubies/ruby-2.2-head/include/ruby-2.2.0/ruby/backward -I/Users/dimpleyuen/.rvm/rubies/ruby-2.2-head/include/ruby-2.2.0 -I. -I/usr/local/include  -I/usr/local/opt/libyaml/include -I/usr/local/opt/readline/include -I/usr/local/opt/libksba/include -I/usr/local/opt/openssl/include -D_XOPEN_SOURCE -D_DARWIN_C_SOURCE -D_DARWIN_UNLIMITED_SELECT -D_REENTRANT    -O3 -fno-fast-math -ggdb3 -Wall -Wextra -Wno-unused-parameter -Wno-parentheses -Wno-long-long -Wno-missing-field-initializers -Wunused-variable -Wpointer-arith -Wwrite-strings -Wdeclaration-after-statement -Wshorten-64-to-32 -Wimplicit-function-declaration -Wdivision-by-zero -Wdeprecated-declarations -Wextra-tokens  -fno-common -pipe conftest.c  -L/usr/local/lib -L/usr/local/opt/libyaml/lib -L/usr/local/opt/readline/lib -L/usr/local/opt/libksba/lib -L/usr/local/opt/openssl/lib -L/usr/local/lib/mysql -L. -L/Users/dimpleyuen/.rvm/rubies/ruby-2.2-head/lib -L. -fstack-protector -L/usr/local/lib -L/usr/local/opt/libyaml/lib -L/usr/local/opt/readline/lib -L/usr/local/opt/libksba/lib -L/usr/local/opt/openssl/lib     -lz -lm  -lruby.2.2.0 -lmysqlclient -lz -lm  -lpthread -ldl -lobjc "
conftest.c:13:15: warning: implicit declaration of function 'mysql_query' is invalid in C99 [-Wimplicit-function-declaration]
int t(void) { mysql_query(); return 0; }
              ^
1 warning generated.
ld: warning: directory not found for option '-L/usr/local/lib/mysql'
ld: library not found for -lmysqlclient
clang: error: linker command failed with exit code 1 (use -v to see invocation)
checked program was:
/* begin */
 1: #include "ruby.h"
 2: 
 3: /*top*/
 4: extern int t(void);
 5: int main(int argc, char **argv)
 6: {
 7:   if (argc > 1000000) {
 8:     printf("%p", &t);
 9:   }
10: 
11:   return 0;
12: }
13: int t(void) { mysql_query(); return 0; }
/* end */

--------------------

have_library: checking for main() in -lsocket... -------------------- no

"gcc -o conftest -I/Users/dimpleyuen/.rvm/rubies/ruby-2.2-head/include/ruby-2.2.0/x86_64-darwin14 -I/Users/dimpleyuen/.rvm/rubies/ruby-2.2-head/include/ruby-2.2.0/ruby/backward -I/Users/dimpleyuen/.rvm/rubies/ruby-2.2-head/include/ruby-2.2.0 -I. -I/usr/local/include  -I/usr/local/opt/libyaml/include -I/usr/local/opt/readline/include -I/usr/local/opt/libksba/include -I/usr/local/opt/openssl/include -D_XOPEN_SOURCE -D_DARWIN_C_SOURCE -D_DARWIN_UNLIMITED_SELECT -D_REENTRANT    -O3 -fno-fast-math -ggdb3 -Wall -Wextra -Wno-unused-parameter -Wno-parentheses -Wno-long-long -Wno-missing-field-initializers -Wunused-variable -Wpointer-arith -Wwrite-strings -Wdeclaration-after-statement -Wshorten-64-to-32 -Wimplicit-function-declaration -Wdivision-by-zero -Wdeprecated-declarations -Wextra-tokens  -fno-common -pipe conftest.c  -L/usr/local/lib -L/usr/local/opt/libyaml/lib -L/usr/local/opt/readline/lib -L/usr/local/opt/libksba/lib -L/usr/local/opt/openssl/lib -L. -L/Users/dimpleyuen/.rvm/rubies/ruby-2.2-head/lib -L. -fstack-protector -L/usr/local/lib -L/usr/local/opt/libyaml/lib -L/usr/local/opt/readline/lib -L/usr/local/opt/libksba/lib -L/usr/local/opt/openssl/lib     -lz -lm  -lruby.2.2.0 -lsocket -lz -lm  -lpthread -ldl -lobjc "
ld: library not found for -lsocket
clang: error: linker command failed with exit code 1 (use -v to see invocation)
checked program was:
/* begin */
 1: #include "ruby.h"
 2: 
 3: /*top*/
 4: extern int t(void);
 5: int main(int argc, char **argv)
 6: {
 7:   if (argc > 1000000) {
 8:     printf("%p", &t);
 9:   }
10: 
11:   return 0;
12: }
13: int t(void) { void ((*volatile p)()); p = (void ((*)()))main; return 0; }
/* end */

"gcc -o conftest -I/Users/dimpleyuen/.rvm/rubies/ruby-2.2-head/include/ruby-2.2.0/x86_64-darwin14 -I/Users/dimpleyuen/.rvm/rubies/ruby-2.2-head/include/ruby-2.2.0/ruby/backward -I/Users/dimpleyuen/.rvm/rubies/ruby-2.2-head/include/ruby-2.2.0 -I. -I/usr/local/include  -I/usr/local/opt/libyaml/include -I/usr/local/opt/readline/include -I/usr/local/opt/libksba/include -I/usr/local/opt/openssl/include -D_XOPEN_SOURCE -D_DARWIN_C_SOURCE -D_DARWIN_UNLIMITED_SELECT -D_REENTRANT    -O3 -fno-fast-math -ggdb3 -Wall -Wextra -Wno-unused-parameter -Wno-parentheses -Wno-long-long -Wno-missing-field-initializers -Wunused-variable -Wpointer-arith -Wwrite-strings -Wdeclaration-after-statement -Wshorten-64-to-32 -Wimplicit-function-declaration -Wdivision-by-zero -Wdeprecated-declarations -Wextra-tokens  -fno-common -pipe conftest.c  -L/usr/local/lib -L/usr/local/opt/libyaml/lib -L/usr/local/opt/readline/lib -L/usr/local/opt/libksba/lib -L/usr/local/opt/openssl/lib -L. -L/Users/dimpleyuen/.rvm/rubies/ruby-2.2-head/lib -L. -fstack-protector -L/usr/local/lib -L/usr/local/opt/libyaml/lib -L/usr/local/opt/readline/lib -L/usr/local/opt/libksba/lib -L/usr/local/opt/openssl/lib     -lz -lm  -lruby.2.2.0 -lsocket -lz -lm  -lpthread -ldl -lobjc "
conftest.c:13:20: error: too few arguments to function call, expected 2, have 0
int t(void) { main(); return 0; }
              ~~~~ ^
conftest.c:5:1: note: 'main' declared here
int main(int argc, char **argv)
^
1 error generated.
checked program was:
/* begin */
 1: #include "ruby.h"
 2: 
 3: /*top*/
 4: extern int t(void);
 5: int main(int argc, char **argv)
 6: {
 7:   if (argc > 1000000) {
 8:     printf("%p", &t);
 9:   }
10: 
11:   return 0;
12: }
13: int t(void) { main(); return 0; }
/* end */

--------------------

find_library: checking for mysql_query() in -lmysqlclient... -------------------- no

"gcc -o conftest -I/Users/dimpleyuen/.rvm/rubies/ruby-2.2-head/include/ruby-2.2.0/x86_64-darwin14 -I/Users/dimpleyuen/.rvm/rubies/ruby-2.2-head/include/ruby-2.2.0/ruby/backward -I/Users/dimpleyuen/.rvm/rubies/ruby-2.2-head/include/ruby-2.2.0 -I. -I/usr/local/include  -I/usr/local/opt/libyaml/include -I/usr/local/opt/readline/include -I/usr/local/opt/libksba/include -I/usr/local/opt/openssl/include -D_XOPEN_SOURCE -D_DARWIN_C_SOURCE -D_DARWIN_UNLIMITED_SELECT -D_REENTRANT    -O3 -fno-fast-math -ggdb3 -Wall -Wextra -Wno-unused-parameter -Wno-parentheses -Wno-long-long -Wno-missing-field-initializers -Wunused-variable -Wpointer-arith -Wwrite-strings -Wdeclaration-after-statement -Wshorten-64-to-32 -Wimplicit-function-declaration -Wdivision-by-zero -Wdeprecated-declarations -Wextra-tokens  -fno-common -pipe conftest.c  -L/usr/local/lib -L/usr/local/opt/libyaml/lib -L/usr/local/opt/readline/lib -L/usr/local/opt/libksba/lib -L/usr/local/opt/openssl/lib -L. -L/Users/dimpleyuen/.rvm/rubies/ruby-2.2-head/lib -L. -fstack-protector -L/usr/local/lib -L/usr/local/opt/libyaml/lib -L/usr/local/opt/readline/lib -L/usr/local/opt/libksba/lib -L/usr/local/opt/openssl/lib     -lz -lm  -lruby.2.2.0 -lmysqlclient -lz -lm  -lpthread -ldl -lobjc "
conftest.c:13:57: error: use of undeclared identifier 'mysql_query'
int t(void) { void ((*volatile p)()); p = (void ((*)()))mysql_query; return 0; }
                                                        ^
1 error generated.
checked program was:
/* begin */
 1: #include "ruby.h"
 2: 
 3: /*top*/
 4: extern int t(void);
 5: int main(int argc, char **argv)
 6: {
 7:   if (argc > 1000000) {
 8:     printf("%p", &t);
 9:   }
10: 
11:   return 0;
12: }
13: int t(void) { void ((*volatile p)()); p = (void ((*)()))mysql_query; return 0; }
/* end */

"gcc -o conftest -I/Users/dimpleyuen/.rvm/rubies/ruby-2.2-head/include/ruby-2.2.0/x86_64-darwin14 -I/Users/dimpleyuen/.rvm/rubies/ruby-2.2-head/include/ruby-2.2.0/ruby/backward -I/Users/dimpleyuen/.rvm/rubies/ruby-2.2-head/include/ruby-2.2.0 -I. -I/usr/local/include  -I/usr/local/opt/libyaml/include -I/usr/local/opt/readline/include -I/usr/local/opt/libksba/include -I/usr/local/opt/openssl/include -D_XOPEN_SOURCE -D_DARWIN_C_SOURCE -D_DARWIN_UNLIMITED_SELECT -D_REENTRANT    -O3 -fno-fast-math -ggdb3 -Wall -Wextra -Wno-unused-parameter -Wno-parentheses -Wno-long-long -Wno-missing-field-initializers -Wunused-variable -Wpointer-arith -Wwrite-strings -Wdeclaration-after-statement -Wshorten-64-to-32 -Wimplicit-function-declaration -Wdivision-by-zero -Wdeprecated-declarations -Wextra-tokens  -fno-common -pipe conftest.c  -L/usr/local/lib -L/usr/local/opt/libyaml/lib -L/usr/local/opt/readline/lib -L/usr/local/opt/libksba/lib -L/usr/local/opt/openssl/lib -L. -L/Users/dimpleyuen/.rvm/rubies/ruby-2.2-head/lib -L. -fstack-protector -L/usr/local/lib -L/usr/local/opt/libyaml/lib -L/usr/local/opt/readline/lib -L/usr/local/opt/libksba/lib -L/usr/local/opt/openssl/lib     -lz -lm  -lruby.2.2.0 -lmysqlclient -lz -lm  -lpthread -ldl -lobjc "
conftest.c:13:15: warning: implicit declaration of function 'mysql_query' is invalid in C99 [-Wimplicit-function-declaration]
int t(void) { mysql_query(); return 0; }
              ^
1 warning generated.
ld: library not found for -lmysqlclient
clang: error: linker command failed with exit code 1 (use -v to see invocation)
checked program was:
/* begin */
 1: #include "ruby.h"
 2: 
 3: /*top*/
 4: extern int t(void);
 5: int main(int argc, char **argv)
 6: {
 7:   if (argc > 1000000) {
 8:     printf("%p", &t);
 9:   }
10: 
11:   return 0;
12: }
13: int t(void) { mysql_query(); return 0; }
/* end */

"gcc -o conftest -I/Users/dimpleyuen/.rvm/rubies/ruby-2.2-head/include/ruby-2.2.0/x86_64-darwin14 -I/Users/dimpleyuen/.rvm/rubies/ruby-2.2-head/include/ruby-2.2.0/ruby/backward -I/Users/dimpleyuen/.rvm/rubies/ruby-2.2-head/include/ruby-2.2.0 -I. -I/usr/local/include  -I/usr/local/opt/libyaml/include -I/usr/local/opt/readline/include -I/usr/local/opt/libksba/include -I/usr/local/opt/openssl/include -D_XOPEN_SOURCE -D_DARWIN_C_SOURCE -D_DARWIN_UNLIMITED_SELECT -D_REENTRANT    -O3 -fno-fast-math -ggdb3 -Wall -Wextra -Wno-unused-parameter -Wno-parentheses -Wno-long-long -Wno-missing-field-initializers -Wunused-variable -Wpointer-arith -Wwrite-strings -Wdeclaration-after-statement -Wshorten-64-to-32 -Wimplicit-function-declaration -Wdivision-by-zero -Wdeprecated-declarations -Wextra-tokens  -fno-common -pipe conftest.c  -L/usr/local/lib -L/usr/local/opt/libyaml/lib -L/usr/local/opt/readline/lib -L/usr/local/opt/libksba/lib -L/usr/local/opt/openssl/lib -L. -L/Users/dimpleyuen/.rvm/rubies/ruby-2.2-head/lib -L. -fstack-protector -L/usr/local/lib -L/usr/local/opt/libyaml/lib -L/usr/local/opt/readline/lib -L/usr/local/opt/libksba/lib -L/usr/local/opt/openssl/lib     -lz -lm  -lruby.2.2.0 -lmysqlclient -lz -lm  -lpthread -ldl -lobjc "
conftest.c:13:57: error: use of undeclared identifier 'mysql_query'
int t(void) { void ((*volatile p)()); p = (void ((*)()))mysql_query; return 0; }
                                                        ^
1 error generated.
checked program was:
/* begin */
 1: #include "ruby.h"
 2: 
 3: /*top*/
 4: extern int t(void);
 5: int main(int argc, char **argv)
 6: {
 7:   if (argc > 1000000) {
 8:     printf("%p", &t);
 9:   }
10: 
11:   return 0;
12: }
13: int t(void) { void ((*volatile p)()); p = (void ((*)()))mysql_query; return 0; }
/* end */

"gcc -o conftest -I/Users/dimpleyuen/.rvm/rubies/ruby-2.2-head/include/ruby-2.2.0/x86_64-darwin14 -I/Users/dimpleyuen/.rvm/rubies/ruby-2.2-head/include/ruby-2.2.0/ruby/backward -I/Users/dimpleyuen/.rvm/rubies/ruby-2.2-head/include/ruby-2.2.0 -I. -I/usr/local/include  -I/usr/local/opt/libyaml/include -I/usr/local/opt/readline/include -I/usr/local/opt/libksba/include -I/usr/local/opt/openssl/include -D_XOPEN_SOURCE -D_DARWIN_C_SOURCE -D_DARWIN_UNLIMITED_SELECT -D_REENTRANT    -O3 -fno-fast-math -ggdb3 -Wall -Wextra -Wno-unused-parameter -Wno-parentheses -Wno-long-long -Wno-missing-field-initializers -Wunused-variable -Wpointer-arith -Wwrite-strings -Wdeclaration-after-statement -Wshorten-64-to-32 -Wimplicit-function-declaration -Wdivision-by-zero -Wdeprecated-declarations -Wextra-tokens  -fno-common -pipe conftest.c  -L/usr/local/lib -L/usr/local/opt/libyaml/lib -L/usr/local/opt/readline/lib -L/usr/local/opt/libksba/lib -L/usr/local/opt/openssl/lib -L. -L/Users/dimpleyuen/.rvm/rubies/ruby-2.2-head/lib -L. -fstack-protector -L/usr/local/lib -L/usr/local/opt/libyaml/lib -L/usr/local/opt/readline/lib -L/usr/local/opt/libksba/lib -L/usr/local/opt/openssl/lib     -lz -lm  -lruby.2.2.0 -lmysqlclient -lz -lm  -lpthread -ldl -lobjc "
conftest.c:13:15: warning: implicit declaration of function 'mysql_query' is invalid in C99 [-Wimplicit-function-declaration]
int t(void) { mysql_query(); return 0; }
              ^
1 warning generated.
ld: library not found for -lmysqlclient
clang: error: linker command failed with exit code 1 (use -v to see invocation)
checked program was:
/* begin */
 1: #include "ruby.h"
 2: 
 3: /*top*/
 4: extern int t(void);
 5: int main(int argc, char **argv)
 6: {
 7:   if (argc > 1000000) {
 8:     printf("%p", &t);
 9:   }
10: 
11:   return 0;
12: }
13: int t(void) { mysql_query(); return 0; }
/* end */

"gcc -o conftest -I/Users/dimpleyuen/.rvm/rubies/ruby-2.2-head/include/ruby-2.2.0/x86_64-darwin14 -I/Users/dimpleyuen/.rvm/rubies/ruby-2.2-head/include/ruby-2.2.0/ruby/backward -I/Users/dimpleyuen/.rvm/rubies/ruby-2.2-head/include/ruby-2.2.0 -I. -I/usr/local/include  -I/usr/local/opt/libyaml/include -I/usr/local/opt/readline/include -I/usr/local/opt/libksba/include -I/usr/local/opt/openssl/include -D_XOPEN_SOURCE -D_DARWIN_C_SOURCE -D_DARWIN_UNLIMITED_SELECT -D_REENTRANT    -O3 -fno-fast-math -ggdb3 -Wall -Wextra -Wno-unused-parameter -Wno-parentheses -Wno-long-long -Wno-missing-field-initializers -Wunused-variable -Wpointer-arith -Wwrite-strings -Wdeclaration-after-statement -Wshorten-64-to-32 -Wimplicit-function-declaration -Wdivision-by-zero -Wdeprecated-declarations -Wextra-tokens  -fno-common -pipe conftest.c  -L/usr/local/lib -L/usr/local/opt/libyaml/lib -L/usr/local/opt/readline/lib -L/usr/local/opt/libksba/lib -L/usr/local/opt/openssl/lib -L/usr/local/lib/mysql -L. -L/Users/dimpleyuen/.rvm/rubies/ruby-2.2-head/lib -L. -fstack-protector -L/usr/local/lib -L/usr/local/opt/libyaml/lib -L/usr/local/opt/readline/lib -L/usr/local/opt/libksba/lib -L/usr/local/opt/openssl/lib     -lz -lm  -lruby.2.2.0 -lmysqlclient -lz -lm  -lpthread -ldl -lobjc "
conftest.c:13:57: error: use of undeclared identifier 'mysql_query'
int t(void) { void ((*volatile p)()); p = (void ((*)()))mysql_query; return 0; }
                                                        ^
1 error generated.
checked program was:
/* begin */
 1: #include "ruby.h"
 2: 
 3: /*top*/
 4: extern int t(void);
 5: int main(int argc, char **argv)
 6: {
 7:   if (argc > 1000000) {
 8:     printf("%p", &t);
 9:   }
10: 
11:   return 0;
12: }
13: int t(void) { void ((*volatile p)()); p = (void ((*)()))mysql_query; return 0; }
/* end */

"gcc -o conftest -I/Users/dimpleyuen/.rvm/rubies/ruby-2.2-head/include/ruby-2.2.0/x86_64-darwin14 -I/Users/dimpleyuen/.rvm/rubies/ruby-2.2-head/include/ruby-2.2.0/ruby/backward -I/Users/dimpleyuen/.rvm/rubies/ruby-2.2-head/include/ruby-2.2.0 -I. -I/usr/local/include  -I/usr/local/opt/libyaml/include -I/usr/local/opt/readline/include -I/usr/local/opt/libksba/include -I/usr/local/opt/openssl/include -D_XOPEN_SOURCE -D_DARWIN_C_SOURCE -D_DARWIN_UNLIMITED_SELECT -D_REENTRANT    -O3 -fno-fast-math -ggdb3 -Wall -Wextra -Wno-unused-parameter -Wno-parentheses -Wno-long-long -Wno-missing-field-initializers -Wunused-variable -Wpointer-arith -Wwrite-strings -Wdeclaration-after-statement -Wshorten-64-to-32 -Wimplicit-function-declaration -Wdivision-by-zero -Wdeprecated-declarations -Wextra-tokens  -fno-common -pipe conftest.c  -L/usr/local/lib -L/usr/local/opt/libyaml/lib -L/usr/local/opt/readline/lib -L/usr/local/opt/libksba/lib -L/usr/local/opt/openssl/lib -L/usr/local/lib/mysql -L. -L/Users/dimpleyuen/.rvm/rubies/ruby-2.2-head/lib -L. -fstack-protector -L/usr/local/lib -L/usr/local/opt/libyaml/lib -L/usr/local/opt/readline/lib -L/usr/local/opt/libksba/lib -L/usr/local/opt/openssl/lib     -lz -lm  -lruby.2.2.0 -lmysqlclient -lz -lm  -lpthread -ldl -lobjc "
conftest.c:13:15: warning: implicit declaration of function 'mysql_query' is invalid in C99 [-Wimplicit-function-declaration]
int t(void) { mysql_query(); return 0; }
              ^
1 warning generated.
ld: warning: directory not found for option '-L/usr/local/lib/mysql'
ld: library not found for -lmysqlclient
clang: error: linker command failed with exit code 1 (use -v to see invocation)
checked program was:
/* begin */
 1: #include "ruby.h"
 2: 
 3: /*top*/
 4: extern int t(void);
 5: int main(int argc, char **argv)
 6: {
 7:   if (argc > 1000000) {
 8:     printf("%p", &t);
 9:   }
10: 
11:   return 0;
12: }
13: int t(void) { mysql_query(); return 0; }
/* end */

--------------------

have_library: checking for main() in -lnsl... -------------------- no

"gcc -o conftest -I/Users/dimpleyuen/.rvm/rubies/ruby-2.2-head/include/ruby-2.2.0/x86_64-darwin14 -I/Users/dimpleyuen/.rvm/rubies/ruby-2.2-head/include/ruby-2.2.0/ruby/backward -I/Users/dimpleyuen/.rvm/rubies/ruby-2.2-head/include/ruby-2.2.0 -I. -I/usr/local/include  -I/usr/local/opt/libyaml/include -I/usr/local/opt/readline/include -I/usr/local/opt/libksba/include -I/usr/local/opt/openssl/include -D_XOPEN_SOURCE -D_DARWIN_C_SOURCE -D_DARWIN_UNLIMITED_SELECT -D_REENTRANT    -O3 -fno-fast-math -ggdb3 -Wall -Wextra -Wno-unused-parameter -Wno-parentheses -Wno-long-long -Wno-missing-field-initializers -Wunused-variable -Wpointer-arith -Wwrite-strings -Wdeclaration-after-statement -Wshorten-64-to-32 -Wimplicit-function-declaration -Wdivision-by-zero -Wdeprecated-declarations -Wextra-tokens  -fno-common -pipe conftest.c  -L/usr/local/lib -L/usr/local/opt/libyaml/lib -L/usr/local/opt/readline/lib -L/usr/local/opt/libksba/lib -L/usr/local/opt/openssl/lib -L. -L/Users/dimpleyuen/.rvm/rubies/ruby-2.2-head/lib -L. -fstack-protector -L/usr/local/lib -L/usr/local/opt/libyaml/lib -L/usr/local/opt/readline/lib -L/usr/local/opt/libksba/lib -L/usr/local/opt/openssl/lib     -lz -lm  -lruby.2.2.0 -lnsl -lz -lm  -lpthread -ldl -lobjc "
ld: library not found for -lnsl
clang: error: linker command failed with exit code 1 (use -v to see invocation)
checked program was:
/* begin */
 1: #include "ruby.h"
 2: 
 3: /*top*/
 4: extern int t(void);
 5: int main(int argc, char **argv)
 6: {
 7:   if (argc > 1000000) {
 8:     printf("%p", &t);
 9:   }
10: 
11:   return 0;
12: }
13: int t(void) { void ((*volatile p)()); p = (void ((*)()))main; return 0; }
/* end */

"gcc -o conftest -I/Users/dimpleyuen/.rvm/rubies/ruby-2.2-head/include/ruby-2.2.0/x86_64-darwin14 -I/Users/dimpleyuen/.rvm/rubies/ruby-2.2-head/include/ruby-2.2.0/ruby/backward -I/Users/dimpleyuen/.rvm/rubies/ruby-2.2-head/include/ruby-2.2.0 -I. -I/usr/local/include  -I/usr/local/opt/libyaml/include -I/usr/local/opt/readline/include -I/usr/local/opt/libksba/include -I/usr/local/opt/openssl/include -D_XOPEN_SOURCE -D_DARWIN_C_SOURCE -D_DARWIN_UNLIMITED_SELECT -D_REENTRANT    -O3 -fno-fast-math -ggdb3 -Wall -Wextra -Wno-unused-parameter -Wno-parentheses -Wno-long-long -Wno-missing-field-initializers -Wunused-variable -Wpointer-arith -Wwrite-strings -Wdeclaration-after-statement -Wshorten-64-to-32 -Wimplicit-function-declaration -Wdivision-by-zero -Wdeprecated-declarations -Wextra-tokens  -fno-common -pipe conftest.c  -L/usr/local/lib -L/usr/local/opt/libyaml/lib -L/usr/local/opt/readline/lib -L/usr/local/opt/libksba/lib -L/usr/local/opt/openssl/lib -L. -L/Users/dimpleyuen/.rvm/rubies/ruby-2.2-head/lib -L. -fstack-protector -L/usr/local/lib -L/usr/local/opt/libyaml/lib -L/usr/local/opt/readline/lib -L/usr/local/opt/libksba/lib -L/usr/local/opt/openssl/lib     -lz -lm  -lruby.2.2.0 -lnsl -lz -lm  -lpthread -ldl -lobjc "
conftest.c:13:20: error: too few arguments to function call, expected 2, have 0
int t(void) { main(); return 0; }
              ~~~~ ^
conftest.c:5:1: note: 'main' declared here
int main(int argc, char **argv)
^
1 error generated.
checked program was:
/* begin */
 1: #include "ruby.h"
 2: 
 3: /*top*/
 4: extern int t(void);
 5: int main(int argc, char **argv)
 6: {
 7:   if (argc > 1000000) {
 8:     printf("%p", &t);
 9:   }
10: 
11:   return 0;
12: }
13: int t(void) { main(); return 0; }
/* end */

--------------------

find_library: checking for mysql_query() in -lmysqlclient... -------------------- no

"gcc -o conftest -I/Users/dimpleyuen/.rvm/rubies/ruby-2.2-head/include/ruby-2.2.0/x86_64-darwin14 -I/Users/dimpleyuen/.rvm/rubies/ruby-2.2-head/include/ruby-2.2.0/ruby/backward -I/Users/dimpleyuen/.rvm/rubies/ruby-2.2-head/include/ruby-2.2.0 -I. -I/usr/local/include  -I/usr/local/opt/libyaml/include -I/usr/local/opt/readline/include -I/usr/local/opt/libksba/include -I/usr/local/opt/openssl/include -D_XOPEN_SOURCE -D_DARWIN_C_SOURCE -D_DARWIN_UNLIMITED_SELECT -D_REENTRANT    -O3 -fno-fast-math -ggdb3 -Wall -Wextra -Wno-unused-parameter -Wno-parentheses -Wno-long-long -Wno-missing-field-initializers -Wunused-variable -Wpointer-arith -Wwrite-strings -Wdeclaration-after-statement -Wshorten-64-to-32 -Wimplicit-function-declaration -Wdivision-by-zero -Wdeprecated-declarations -Wextra-tokens  -fno-common -pipe conftest.c  -L/usr/local/lib -L/usr/local/opt/libyaml/lib -L/usr/local/opt/readline/lib -L/usr/local/opt/libksba/lib -L/usr/local/opt/openssl/lib -L. -L/Users/dimpleyuen/.rvm/rubies/ruby-2.2-head/lib -L. -fstack-protector -L/usr/local/lib -L/usr/local/opt/libyaml/lib -L/usr/local/opt/readline/lib -L/usr/local/opt/libksba/lib -L/usr/local/opt/openssl/lib     -lz -lm  -lruby.2.2.0 -lmysqlclient -lz -lm  -lpthread -ldl -lobjc "
conftest.c:13:57: error: use of undeclared identifier 'mysql_query'
int t(void) { void ((*volatile p)()); p = (void ((*)()))mysql_query; return 0; }
                                                        ^
1 error generated.
checked program was:
/* begin */
 1: #include "ruby.h"
 2: 
 3: /*top*/
 4: extern int t(void);
 5: int main(int argc, char **argv)
 6: {
 7:   if (argc > 1000000) {
 8:     printf("%p", &t);
 9:   }
10: 
11:   return 0;
12: }
13: int t(void) { void ((*volatile p)()); p = (void ((*)()))mysql_query; return 0; }
/* end */

"gcc -o conftest -I/Users/dimpleyuen/.rvm/rubies/ruby-2.2-head/include/ruby-2.2.0/x86_64-darwin14 -I/Users/dimpleyuen/.rvm/rubies/ruby-2.2-head/include/ruby-2.2.0/ruby/backward -I/Users/dimpleyuen/.rvm/rubies/ruby-2.2-head/include/ruby-2.2.0 -I. -I/usr/local/include  -I/usr/local/opt/libyaml/include -I/usr/local/opt/readline/include -I/usr/local/opt/libksba/include -I/usr/local/opt/openssl/include -D_XOPEN_SOURCE -D_DARWIN_C_SOURCE -D_DARWIN_UNLIMITED_SELECT -D_REENTRANT    -O3 -fno-fast-math -ggdb3 -Wall -Wextra -Wno-unused-parameter -Wno-parentheses -Wno-long-long -Wno-missing-field-initializers -Wunused-variable -Wpointer-arith -Wwrite-strings -Wdeclaration-after-statement -Wshorten-64-to-32 -Wimplicit-function-declaration -Wdivision-by-zero -Wdeprecated-declarations -Wextra-tokens  -fno-common -pipe conftest.c  -L/usr/local/lib -L/usr/local/opt/libyaml/lib -L/usr/local/opt/readline/lib -L/usr/local/opt/libksba/lib -L/usr/local/opt/openssl/lib -L. -L/Users/dimpleyuen/.rvm/rubies/ruby-2.2-head/lib -L. -fstack-protector -L/usr/local/lib -L/usr/local/opt/libyaml/lib -L/usr/local/opt/readline/lib -L/usr/local/opt/libksba/lib -L/usr/local/opt/openssl/lib     -lz -lm  -lruby.2.2.0 -lmysqlclient -lz -lm  -lpthread -ldl -lobjc "
conftest.c:13:15: warning: implicit declaration of function 'mysql_query' is invalid in C99 [-Wimplicit-function-declaration]
int t(void) { mysql_query(); return 0; }
              ^
1 warning generated.
ld: library not found for -lmysqlclient
clang: error: linker command failed with exit code 1 (use -v to see invocation)
checked program was:
/* begin */
 1: #include "ruby.h"
 2: 
 3: /*top*/
 4: extern int t(void);
 5: int main(int argc, char **argv)
 6: {
 7:   if (argc > 1000000) {
 8:     printf("%p", &t);
 9:   }
10: 
11:   return 0;
12: }
13: int t(void) { mysql_query(); return 0; }
/* end */

"gcc -o conftest -I/Users/dimpleyuen/.rvm/rubies/ruby-2.2-head/include/ruby-2.2.0/x86_64-darwin14 -I/Users/dimpleyuen/.rvm/rubies/ruby-2.2-head/include/ruby-2.2.0/ruby/backward -I/Users/dimpleyuen/.rvm/rubies/ruby-2.2-head/include/ruby-2.2.0 -I. -I/usr/local/include  -I/usr/local/opt/libyaml/include -I/usr/local/opt/readline/include -I/usr/local/opt/libksba/include -I/usr/local/opt/openssl/include -D_XOPEN_SOURCE -D_DARWIN_C_SOURCE -D_DARWIN_UNLIMITED_SELECT -D_REENTRANT    -O3 -fno-fast-math -ggdb3 -Wall -Wextra -Wno-unused-parameter -Wno-parentheses -Wno-long-long -Wno-missing-field-initializers -Wunused-variable -Wpointer-arith -Wwrite-strings -Wdeclaration-after-statement -Wshorten-64-to-32 -Wimplicit-function-declaration -Wdivision-by-zero -Wdeprecated-declarations -Wextra-tokens  -fno-common -pipe conftest.c  -L/usr/local/lib -L/usr/local/opt/libyaml/lib -L/usr/local/opt/readline/lib -L/usr/local/opt/libksba/lib -L/usr/local/opt/openssl/lib -L. -L/Users/dimpleyuen/.rvm/rubies/ruby-2.2-head/lib -L. -fstack-protector -L/usr/local/lib -L/usr/local/opt/libyaml/lib -L/usr/local/opt/readline/lib -L/usr/local/opt/libksba/lib -L/usr/local/opt/openssl/lib     -lz -lm  -lruby.2.2.0 -lmysqlclient -lz -lm  -lpthread -ldl -lobjc "
conftest.c:13:57: error: use of undeclared identifier 'mysql_query'
int t(void) { void ((*volatile p)()); p = (void ((*)()))mysql_query; return 0; }
                                                        ^
1 error generated.
checked program was:
/* begin */
 1: #include "ruby.h"
 2: 
 3: /*top*/
 4: extern int t(void);
 5: int main(int argc, char **argv)
 6: {
 7:   if (argc > 1000000) {
 8:     printf("%p", &t);
 9:   }
10: 
11:   return 0;
12: }
13: int t(void) { void ((*volatile p)()); p = (void ((*)()))mysql_query; return 0; }
/* end */

"gcc -o conftest -I/Users/dimpleyuen/.rvm/rubies/ruby-2.2-head/include/ruby-2.2.0/x86_64-darwin14 -I/Users/dimpleyuen/.rvm/rubies/ruby-2.2-head/include/ruby-2.2.0/ruby/backward -I/Users/dimpleyuen/.rvm/rubies/ruby-2.2-head/include/ruby-2.2.0 -I. -I/usr/local/include  -I/usr/local/opt/libyaml/include -I/usr/local/opt/readline/include -I/usr/local/opt/libksba/include -I/usr/local/opt/openssl/include -D_XOPEN_SOURCE -D_DARWIN_C_SOURCE -D_DARWIN_UNLIMITED_SELECT -D_REENTRANT    -O3 -fno-fast-math -ggdb3 -Wall -Wextra -Wno-unused-parameter -Wno-parentheses -Wno-long-long -Wno-missing-field-initializers -Wunused-variable -Wpointer-arith -Wwrite-strings -Wdeclaration-after-statement -Wshorten-64-to-32 -Wimplicit-function-declaration -Wdivision-by-zero -Wdeprecated-declarations -Wextra-tokens  -fno-common -pipe conftest.c  -L/usr/local/lib -L/usr/local/opt/libyaml/lib -L/usr/local/opt/readline/lib -L/usr/local/opt/libksba/lib -L/usr/local/opt/openssl/lib -L. -L/Users/dimpleyuen/.rvm/rubies/ruby-2.2-head/lib -L. -fstack-protector -L/usr/local/lib -L/usr/local/opt/libyaml/lib -L/usr/local/opt/readline/lib -L/usr/local/opt/libksba/lib -L/usr/local/opt/openssl/lib     -lz -lm  -lruby.2.2.0 -lmysqlclient -lz -lm  -lpthread -ldl -lobjc "
conftest.c:13:15: warning: implicit declaration of function 'mysql_query' is invalid in C99 [-Wimplicit-function-declaration]
int t(void) { mysql_query(); return 0; }
              ^
1 warning generated.
ld: library not found for -lmysqlclient
clang: error: linker command failed with exit code 1 (use -v to see invocation)
checked program was:
/* begin */
 1: #include "ruby.h"
 2: 
 3: /*top*/
 4: extern int t(void);
 5: int main(int argc, char **argv)
 6: {
 7:   if (argc > 1000000) {
 8:     printf("%p", &t);
 9:   }
10: 
11:   return 0;
12: }
13: int t(void) { mysql_query(); return 0; }
/* end */

"gcc -o conftest -I/Users/dimpleyuen/.rvm/rubies/ruby-2.2-head/include/ruby-2.2.0/x86_64-darwin14 -I/Users/dimpleyuen/.rvm/rubies/ruby-2.2-head/include/ruby-2.2.0/ruby/backward -I/Users/dimpleyuen/.rvm/rubies/ruby-2.2-head/include/ruby-2.2.0 -I. -I/usr/local/include  -I/usr/local/opt/libyaml/include -I/usr/local/opt/readline/include -I/usr/local/opt/libksba/include -I/usr/local/opt/openssl/include -D_XOPEN_SOURCE -D_DARWIN_C_SOURCE -D_DARWIN_UNLIMITED_SELECT -D_REENTRANT    -O3 -fno-fast-math -ggdb3 -Wall -Wextra -Wno-unused-parameter -Wno-parentheses -Wno-long-long -Wno-missing-field-initializers -Wunused-variable -Wpointer-arith -Wwrite-strings -Wdeclaration-after-statement -Wshorten-64-to-32 -Wimplicit-function-declaration -Wdivision-by-zero -Wdeprecated-declarations -Wextra-tokens  -fno-common -pipe conftest.c  -L/usr/local/lib -L/usr/local/opt/libyaml/lib -L/usr/local/opt/readline/lib -L/usr/local/opt/libksba/lib -L/usr/local/opt/openssl/lib -L/usr/local/lib/mysql -L. -L/Users/dimpleyuen/.rvm/rubies/ruby-2.2-head/lib -L. -fstack-protector -L/usr/local/lib -L/usr/local/opt/libyaml/lib -L/usr/local/opt/readline/lib -L/usr/local/opt/libksba/lib -L/usr/local/opt/openssl/lib     -lz -lm  -lruby.2.2.0 -lmysqlclient -lz -lm  -lpthread -ldl -lobjc "
conftest.c:13:57: error: use of undeclared identifier 'mysql_query'
int t(void) { void ((*volatile p)()); p = (void ((*)()))mysql_query; return 0; }
                                                        ^
1 error generated.
checked program was:
/* begin */
 1: #include "ruby.h"
 2: 
 3: /*top*/
 4: extern int t(void);
 5: int main(int argc, char **argv)
 6: {
 7:   if (argc > 1000000) {
 8:     printf("%p", &t);
 9:   }
10: 
11:   return 0;
12: }
13: int t(void) { void ((*volatile p)()); p = (void ((*)()))mysql_query; return 0; }
/* end */

"gcc -o conftest -I/Users/dimpleyuen/.rvm/rubies/ruby-2.2-head/include/ruby-2.2.0/x86_64-darwin14 -I/Users/dimpleyuen/.rvm/rubies/ruby-2.2-head/include/ruby-2.2.0/ruby/backward -I/Users/dimpleyuen/.rvm/rubies/ruby-2.2-head/include/ruby-2.2.0 -I. -I/usr/local/include  -I/usr/local/opt/libyaml/include -I/usr/local/opt/readline/include -I/usr/local/opt/libksba/include -I/usr/local/opt/openssl/include -D_XOPEN_SOURCE -D_DARWIN_C_SOURCE -D_DARWIN_UNLIMITED_SELECT -D_REENTRANT    -O3 -fno-fast-math -ggdb3 -Wall -Wextra -Wno-unused-parameter -Wno-parentheses -Wno-long-long -Wno-missing-field-initializers -Wunused-variable -Wpointer-arith -Wwrite-strings -Wdeclaration-after-statement -Wshorten-64-to-32 -Wimplicit-function-declaration -Wdivision-by-zero -Wdeprecated-declarations -Wextra-tokens  -fno-common -pipe conftest.c  -L/usr/local/lib -L/usr/local/opt/libyaml/lib -L/usr/local/opt/readline/lib -L/usr/local/opt/libksba/lib -L/usr/local/opt/openssl/lib -L/usr/local/lib/mysql -L. -L/Users/dimpleyuen/.rvm/rubies/ruby-2.2-head/lib -L. -fstack-protector -L/usr/local/lib -L/usr/local/opt/libyaml/lib -L/usr/local/opt/readline/lib -L/usr/local/opt/libksba/lib -L/usr/local/opt/openssl/lib     -lz -lm  -lruby.2.2.0 -lmysqlclient -lz -lm  -lpthread -ldl -lobjc "
conftest.c:13:15: warning: implicit declaration of function 'mysql_query' is invalid in C99 [-Wimplicit-function-declaration]
int t(void) { mysql_query(); return 0; }
              ^
1 warning generated.
ld: warning: directory not found for option '-L/usr/local/lib/mysql'
ld: library not found for -lmysqlclient
clang: error: linker command failed with exit code 1 (use -v to see invocation)
checked program was:
/* begin */
 1: #include "ruby.h"
 2: 
 3: /*top*/
 4: extern int t(void);
 5: int main(int argc, char **argv)
 6: {
 7:   if (argc > 1000000) {
 8:     printf("%p", &t);
 9:   }
10: 
11:   return 0;
12: }
13: int t(void) { mysql_query(); return 0; }
/* end */

--------------------

have_library: checking for main() in -lmygcc... -------------------- no

"gcc -o conftest -I/Users/dimpleyuen/.rvm/rubies/ruby-2.2-head/include/ruby-2.2.0/x86_64-darwin14 -I/Users/dimpleyuen/.rvm/rubies/ruby-2.2-head/include/ruby-2.2.0/ruby/backward -I/Users/dimpleyuen/.rvm/rubies/ruby-2.2-head/include/ruby-2.2.0 -I. -I/usr/local/include  -I/usr/local/opt/libyaml/include -I/usr/local/opt/readline/include -I/usr/local/opt/libksba/include -I/usr/local/opt/openssl/include -D_XOPEN_SOURCE -D_DARWIN_C_SOURCE -D_DARWIN_UNLIMITED_SELECT -D_REENTRANT    -O3 -fno-fast-math -ggdb3 -Wall -Wextra -Wno-unused-parameter -Wno-parentheses -Wno-long-long -Wno-missing-field-initializers -Wunused-variable -Wpointer-arith -Wwrite-strings -Wdeclaration-after-statement -Wshorten-64-to-32 -Wimplicit-function-declaration -Wdivision-by-zero -Wdeprecated-declarations -Wextra-tokens  -fno-common -pipe conftest.c  -L/usr/local/lib -L/usr/local/opt/libyaml/lib -L/usr/local/opt/readline/lib -L/usr/local/opt/libksba/lib -L/usr/local/opt/openssl/lib -L. -L/Users/dimpleyuen/.rvm/rubies/ruby-2.2-head/lib -L. -fstack-protector -L/usr/local/lib -L/usr/local/opt/libyaml/lib -L/usr/local/opt/readline/lib -L/usr/local/opt/libksba/lib -L/usr/local/opt/openssl/lib     -lz -lm  -lruby.2.2.0 -lmygcc -lz -lm  -lpthread -ldl -lobjc "
ld: library not found for -lmygcc
clang: error: linker command failed with exit code 1 (use -v to see invocation)
checked program was:
/* begin */
 1: #include "ruby.h"
 2: 
 3: /*top*/
 4: extern int t(void);
 5: int main(int argc, char **argv)
 6: {
 7:   if (argc > 1000000) {
 8:     printf("%p", &t);
 9:   }
10: 
11:   return 0;
12: }
13: int t(void) { void ((*volatile p)()); p = (void ((*)()))main; return 0; }
/* end */

"gcc -o conftest -I/Users/dimpleyuen/.rvm/rubies/ruby-2.2-head/include/ruby-2.2.0/x86_64-darwin14 -I/Users/dimpleyuen/.rvm/rubies/ruby-2.2-head/include/ruby-2.2.0/ruby/backward -I/Users/dimpleyuen/.rvm/rubies/ruby-2.2-head/include/ruby-2.2.0 -I. -I/usr/local/include  -I/usr/local/opt/libyaml/include -I/usr/local/opt/readline/include -I/usr/local/opt/libksba/include -I/usr/local/opt/openssl/include -D_XOPEN_SOURCE -D_DARWIN_C_SOURCE -D_DARWIN_UNLIMITED_SELECT -D_REENTRANT    -O3 -fno-fast-math -ggdb3 -Wall -Wextra -Wno-unused-parameter -Wno-parentheses -Wno-long-long -Wno-missing-field-initializers -Wunused-variable -Wpointer-arith -Wwrite-strings -Wdeclaration-after-statement -Wshorten-64-to-32 -Wimplicit-function-declaration -Wdivision-by-zero -Wdeprecated-declarations -Wextra-tokens  -fno-common -pipe conftest.c  -L/usr/local/lib -L/usr/local/opt/libyaml/lib -L/usr/local/opt/readline/lib -L/usr/local/opt/libksba/lib -L/usr/local/opt/openssl/lib -L. -L/Users/dimpleyuen/.rvm/rubies/ruby-2.2-head/lib -L. -fstack-protector -L/usr/local/lib -L/usr/local/opt/libyaml/lib -L/usr/local/opt/readline/lib -L/usr/local/opt/libksba/lib -L/usr/local/opt/openssl/lib     -lz -lm  -lruby.2.2.0 -lmygcc -lz -lm  -lpthread -ldl -lobjc "
conftest.c:13:20: error: too few arguments to function call, expected 2, have 0
int t(void) { main(); return 0; }
              ~~~~ ^
conftest.c:5:1: note: 'main' declared here
int main(int argc, char **argv)
^
1 error generated.
checked program was:
/* begin */
 1: #include "ruby.h"
 2: 
 3: /*top*/
 4: extern int t(void);
 5: int main(int argc, char **argv)
 6: {
 7:   if (argc > 1000000) {
 8:     printf("%p", &t);
 9:   }
10: 
11:   return 0;
12: }
13: int t(void) { main(); return 0; }
/* end */

--------------------

find_library: checking for mysql_query() in -lmysqlclient... -------------------- no

"gcc -o conftest -I/Users/dimpleyuen/.rvm/rubies/ruby-2.2-head/include/ruby-2.2.0/x86_64-darwin14 -I/Users/dimpleyuen/.rvm/rubies/ruby-2.2-head/include/ruby-2.2.0/ruby/backward -I/Users/dimpleyuen/.rvm/rubies/ruby-2.2-head/include/ruby-2.2.0 -I. -I/usr/local/include  -I/usr/local/opt/libyaml/include -I/usr/local/opt/readline/include -I/usr/local/opt/libksba/include -I/usr/local/opt/openssl/include -D_XOPEN_SOURCE -D_DARWIN_C_SOURCE -D_DARWIN_UNLIMITED_SELECT -D_REENTRANT    -O3 -fno-fast-math -ggdb3 -Wall -Wextra -Wno-unused-parameter -Wno-parentheses -Wno-long-long -Wno-missing-field-initializers -Wunused-variable -Wpointer-arith -Wwrite-strings -Wdeclaration-after-statement -Wshorten-64-to-32 -Wimplicit-function-declaration -Wdivision-by-zero -Wdeprecated-declarations -Wextra-tokens  -fno-common -pipe conftest.c  -L/usr/local/lib -L/usr/local/opt/libyaml/lib -L/usr/local/opt/readline/lib -L/usr/local/opt/libksba/lib -L/usr/local/opt/openssl/lib -L. -L/Users/dimpleyuen/.rvm/rubies/ruby-2.2-head/lib -L. -fstack-protector -L/usr/local/lib -L/usr/local/opt/libyaml/lib -L/usr/local/opt/readline/lib -L/usr/local/opt/libksba/lib -L/usr/local/opt/openssl/lib     -lz -lm  -lruby.2.2.0 -lmysqlclient -lz -lm  -lpthread -ldl -lobjc "
conftest.c:13:57: error: use of undeclared identifier 'mysql_query'
int t(void) { void ((*volatile p)()); p = (void ((*)()))mysql_query; return 0; }
                                                        ^
1 error generated.
checked program was:
/* begin */
 1: #include "ruby.h"
 2: 
 3: /*top*/
 4: extern int t(void);
 5: int main(int argc, char **argv)
 6: {
 7:   if (argc > 1000000) {
 8:     printf("%p", &t);
 9:   }
10: 
11:   return 0;
12: }
13: int t(void) { void ((*volatile p)()); p = (void ((*)()))mysql_query; return 0; }
/* end */

"gcc -o conftest -I/Users/dimpleyuen/.rvm/rubies/ruby-2.2-head/include/ruby-2.2.0/x86_64-darwin14 -I/Users/dimpleyuen/.rvm/rubies/ruby-2.2-head/include/ruby-2.2.0/ruby/backward -I/Users/dimpleyuen/.rvm/rubies/ruby-2.2-head/include/ruby-2.2.0 -I. -I/usr/local/include  -I/usr/local/opt/libyaml/include -I/usr/local/opt/readline/include -I/usr/local/opt/libksba/include -I/usr/local/opt/openssl/include -D_XOPEN_SOURCE -D_DARWIN_C_SOURCE -D_DARWIN_UNLIMITED_SELECT -D_REENTRANT    -O3 -fno-fast-math -ggdb3 -Wall -Wextra -Wno-unused-parameter -Wno-parentheses -Wno-long-long -Wno-missing-field-initializers -Wunused-variable -Wpointer-arith -Wwrite-strings -Wdeclaration-after-statement -Wshorten-64-to-32 -Wimplicit-function-declaration -Wdivision-by-zero -Wdeprecated-declarations -Wextra-tokens  -fno-common -pipe conftest.c  -L/usr/local/lib -L/usr/local/opt/libyaml/lib -L/usr/local/opt/readline/lib -L/usr/local/opt/libksba/lib -L/usr/local/opt/openssl/lib -L. -L/Users/dimpleyuen/.rvm/rubies/ruby-2.2-head/lib -L. -fstack-protector -L/usr/local/lib -L/usr/local/opt/libyaml/lib -L/usr/local/opt/readline/lib -L/usr/local/opt/libksba/lib -L/usr/local/opt/openssl/lib     -lz -lm  -lruby.2.2.0 -lmysqlclient -lz -lm  -lpthread -ldl -lobjc "
conftest.c:13:15: warning: implicit declaration of function 'mysql_query' is invalid in C99 [-Wimplicit-function-declaration]
int t(void) { mysql_query(); return 0; }
              ^
1 warning generated.
ld: library not found for -lmysqlclient
clang: error: linker command failed with exit code 1 (use -v to see invocation)
checked program was:
/* begin */
 1: #include "ruby.h"
 2: 
 3: /*top*/
 4: extern int t(void);
 5: int main(int argc, char **argv)
 6: {
 7:   if (argc > 1000000) {
 8:     printf("%p", &t);
 9:   }
10: 
11:   return 0;
12: }
13: int t(void) { mysql_query(); return 0; }
/* end */

"gcc -o conftest -I/Users/dimpleyuen/.rvm/rubies/ruby-2.2-head/include/ruby-2.2.0/x86_64-darwin14 -I/Users/dimpleyuen/.rvm/rubies/ruby-2.2-head/include/ruby-2.2.0/ruby/backward -I/Users/dimpleyuen/.rvm/rubies/ruby-2.2-head/include/ruby-2.2.0 -I. -I/usr/local/include  -I/usr/local/opt/libyaml/include -I/usr/local/opt/readline/include -I/usr/local/opt/libksba/include -I/usr/local/opt/openssl/include -D_XOPEN_SOURCE -D_DARWIN_C_SOURCE -D_DARWIN_UNLIMITED_SELECT -D_REENTRANT    -O3 -fno-fast-math -ggdb3 -Wall -Wextra -Wno-unused-parameter -Wno-parentheses -Wno-long-long -Wno-missing-field-initializers -Wunused-variable -Wpointer-arith -Wwrite-strings -Wdeclaration-after-statement -Wshorten-64-to-32 -Wimplicit-function-declaration -Wdivision-by-zero -Wdeprecated-declarations -Wextra-tokens  -fno-common -pipe conftest.c  -L/usr/local/lib -L/usr/local/opt/libyaml/lib -L/usr/local/opt/readline/lib -L/usr/local/opt/libksba/lib -L/usr/local/opt/openssl/lib -L. -L/Users/dimpleyuen/.rvm/rubies/ruby-2.2-head/lib -L. -fstack-protector -L/usr/local/lib -L/usr/local/opt/libyaml/lib -L/usr/local/opt/readline/lib -L/usr/local/opt/libksba/lib -L/usr/local/opt/openssl/lib     -lz -lm  -lruby.2.2.0 -lmysqlclient -lz -lm  -lpthread -ldl -lobjc "
conftest.c:13:57: error: use of undeclared identifier 'mysql_query'
int t(void) { void ((*volatile p)()); p = (void ((*)()))mysql_query; return 0; }
                                                        ^
1 error generated.
checked program was:
/* begin */
 1: #include "ruby.h"
 2: 
 3: /*top*/
 4: extern int t(void);
 5: int main(int argc, char **argv)
 6: {
 7:   if (argc > 1000000) {
 8:     printf("%p", &t);
 9:   }
10: 
11:   return 0;
12: }
13: int t(void) { void ((*volatile p)()); p = (void ((*)()))mysql_query; return 0; }
/* end */

"gcc -o conftest -I/Users/dimpleyuen/.rvm/rubies/ruby-2.2-head/include/ruby-2.2.0/x86_64-darwin14 -I/Users/dimpleyuen/.rvm/rubies/ruby-2.2-head/include/ruby-2.2.0/ruby/backward -I/Users/dimpleyuen/.rvm/rubies/ruby-2.2-head/include/ruby-2.2.0 -I. -I/usr/local/include  -I/usr/local/opt/libyaml/include -I/usr/local/opt/readline/include -I/usr/local/opt/libksba/include -I/usr/local/opt/openssl/include -D_XOPEN_SOURCE -D_DARWIN_C_SOURCE -D_DARWIN_UNLIMITED_SELECT -D_REENTRANT    -O3 -fno-fast-math -ggdb3 -Wall -Wextra -Wno-unused-parameter -Wno-parentheses -Wno-long-long -Wno-missing-field-initializers -Wunused-variable -Wpointer-arith -Wwrite-strings -Wdeclaration-after-statement -Wshorten-64-to-32 -Wimplicit-function-declaration -Wdivision-by-zero -Wdeprecated-declarations -Wextra-tokens  -fno-common -pipe conftest.c  -L/usr/local/lib -L/usr/local/opt/libyaml/lib -L/usr/local/opt/readline/lib -L/usr/local/opt/libksba/lib -L/usr/local/opt/openssl/lib -L. -L/Users/dimpleyuen/.rvm/rubies/ruby-2.2-head/lib -L. -fstack-protector -L/usr/local/lib -L/usr/local/opt/libyaml/lib -L/usr/local/opt/readline/lib -L/usr/local/opt/libksba/lib -L/usr/local/opt/openssl/lib     -lz -lm  -lruby.2.2.0 -lmysqlclient -lz -lm  -lpthread -ldl -lobjc "
conftest.c:13:15: warning: implicit declaration of function 'mysql_query' is invalid in C99 [-Wimplicit-function-declaration]
int t(void) { mysql_query(); return 0; }
              ^
1 warning generated.
ld: library not found for -lmysqlclient
clang: error: linker command failed with exit code 1 (use -v to see invocation)
checked program was:
/* begin */
 1: #include "ruby.h"
 2: 
 3: /*top*/
 4: extern int t(void);
 5: int main(int argc, char **argv)
 6: {
 7:   if (argc > 1000000) {
 8:     printf("%p", &t);
 9:   }
10: 
11:   return 0;
12: }
13: int t(void) { mysql_query(); return 0; }
/* end */

"gcc -o conftest -I/Users/dimpleyuen/.rvm/rubies/ruby-2.2-head/include/ruby-2.2.0/x86_64-darwin14 -I/Users/dimpleyuen/.rvm/rubies/ruby-2.2-head/include/ruby-2.2.0/ruby/backward -I/Users/dimpleyuen/.rvm/rubies/ruby-2.2-head/include/ruby-2.2.0 -I. -I/usr/local/include  -I/usr/local/opt/libyaml/include -I/usr/local/opt/readline/include -I/usr/local/opt/libksba/include -I/usr/local/opt/openssl/include -D_XOPEN_SOURCE -D_DARWIN_C_SOURCE -D_DARWIN_UNLIMITED_SELECT -D_REENTRANT    -O3 -fno-fast-math -ggdb3 -Wall -Wextra -Wno-unused-parameter -Wno-parentheses -Wno-long-long -Wno-missing-field-initializers -Wunused-variable -Wpointer-arith -Wwrite-strings -Wdeclaration-after-statement -Wshorten-64-to-32 -Wimplicit-function-declaration -Wdivision-by-zero -Wdeprecated-declarations -Wextra-tokens  -fno-common -pipe conftest.c  -L/usr/local/lib -L/usr/local/opt/libyaml/lib -L/usr/local/opt/readline/lib -L/usr/local/opt/libksba/lib -L/usr/local/opt/openssl/lib -L/usr/local/lib/mysql -L. -L/Users/dimpleyuen/.rvm/rubies/ruby-2.2-head/lib -L. -fstack-protector -L/usr/local/lib -L/usr/local/opt/libyaml/lib -L/usr/local/opt/readline/lib -L/usr/local/opt/libksba/lib -L/usr/local/opt/openssl/lib     -lz -lm  -lruby.2.2.0 -lmysqlclient -lz -lm  -lpthread -ldl -lobjc "
conftest.c:13:57: error: use of undeclared identifier 'mysql_query'
int t(void) { void ((*volatile p)()); p = (void ((*)()))mysql_query; return 0; }
                                                        ^
1 error generated.
checked program was:
/* begin */
 1: #include "ruby.h"
 2: 
 3: /*top*/
 4: extern int t(void);
 5: int main(int argc, char **argv)
 6: {
 7:   if (argc > 1000000) {
 8:     printf("%p", &t);
 9:   }
10: 
11:   return 0;
12: }
13: int t(void) { void ((*volatile p)()); p = (void ((*)()))mysql_query; return 0; }
/* end */

"gcc -o conftest -I/Users/dimpleyuen/.rvm/rubies/ruby-2.2-head/include/ruby-2.2.0/x86_64-darwin14 -I/Users/dimpleyuen/.rvm/rubies/ruby-2.2-head/include/ruby-2.2.0/ruby/backward -I/Users/dimpleyuen/.rvm/rubies/ruby-2.2-head/include/ruby-2.2.0 -I. -I/usr/local/include  -I/usr/local/opt/libyaml/include -I/usr/local/opt/readline/include -I/usr/local/opt/libksba/include -I/usr/local/opt/openssl/include -D_XOPEN_SOURCE -D_DARWIN_C_SOURCE -D_DARWIN_UNLIMITED_SELECT -D_REENTRANT    -O3 -fno-fast-math -ggdb3 -Wall -Wextra -Wno-unused-parameter -Wno-parentheses -Wno-long-long -Wno-missing-field-initializers -Wunused-variable -Wpointer-arith -Wwrite-strings -Wdeclaration-after-statement -Wshorten-64-to-32 -Wimplicit-function-declaration -Wdivision-by-zero -Wdeprecated-declarations -Wextra-tokens  -fno-common -pipe conftest.c  -L/usr/local/lib -L/usr/local/opt/libyaml/lib -L/usr/local/opt/readline/lib -L/usr/local/opt/libksba/lib -L/usr/local/opt/openssl/lib -L/usr/local/lib/mysql -L. -L/Users/dimpleyuen/.rvm/rubies/ruby-2.2-head/lib -L. -fstack-protector -L/usr/local/lib -L/usr/local/opt/libyaml/lib -L/usr/local/opt/readline/lib -L/usr/local/opt/libksba/lib -L/usr/local/opt/openssl/lib     -lz -lm  -lruby.2.2.0 -lmysqlclient -lz -lm  -lpthread -ldl -lobjc "
conftest.c:13:15: warning: implicit declaration of function 'mysql_query' is invalid in C99 [-Wimplicit-function-declaration]
int t(void) { mysql_query(); return 0; }
              ^
1 warning generated.
ld: warning: directory not found for option '-L/usr/local/lib/mysql'
ld: library not found for -lmysqlclient
clang: error: linker command failed with exit code 1 (use -v to see invocation)
checked program was:
/* begin */
 1: #include "ruby.h"
 2: 
 3: /*top*/
 4: extern int t(void);
 5: int main(int argc, char **argv)
 6: {
 7:   if (argc > 1000000) {
 8:     printf("%p", &t);
 9:   }
10: 
11:   return 0;
12: }
13: int t(void) { mysql_query(); return 0; }
/* end */

--------------------

